This is pdfTeX, Version 3.14159265-2.6-1.40.19 (MiKTeX 2.9.6930 64-bit) (preloaded format=pdflatex 2019.2.25)  25 JUN 2019 23:59
entering extended mode
**./main.tex
(main.tex
LaTeX2e <2018-12-01>
\@input{definiciones.aux}
\openout2 = `definiciones.aux'.

(definiciones.tex
("C:\Users\Miriam\AppData\Local\Programs\MiKTeX 2.9\tex/latex/base\book.cls"
Document Class: book 2018/09/03 v1.4i Standard LaTeX document class
("C:\Users\Miriam\AppData\Local\Programs\MiKTeX 2.9\tex/latex/base\bk12.clo"
File: bk12.clo 2018/09/03 v1.4i Standard LaTeX file (size option)
)
\c@part=\count80
\c@chapter=\count81
\c@section=\count82
\c@subsection=\count83
\c@subsubsection=\count84
\c@paragraph=\count85
\c@subparagraph=\count86
\c@figure=\count87
\c@table=\count88
\abovecaptionskip=\skip41
\belowcaptionskip=\skip42
\bibindent=\dimen102
)
("C:\Users\Miriam\AppData\Local\Programs\MiKTeX 2.9\tex/latex/base\fontenc.sty"
Package: fontenc 2018/08/11 v2.0j Standard LaTeX package
("C:\Users\Miriam\AppData\Local\Programs\MiKTeX 2.9\tex/latex/base\t1enc.def"
File: t1enc.def 2018/08/11 v2.0j Standard LaTeX file
LaTeX Font Info:    Redeclaring font encoding T1 on input line 48.
))
("C:\Users\Miriam\AppData\Local\Programs\MiKTeX 2.9\tex/latex/pslatex\pslatex.s
ty"
Package: pslatex 1996/07/24 v1.2 pslatex emulation (DPC)
LaTeX Font Info:    Redeclaring symbol font `operators' on input line 65.
LaTeX Font Info:    Overwriting symbol font `operators' in version `normal'
(Font)                  OT1/cmr/m/n --> OT1/ptmcm/m/n on input line 65.
LaTeX Font Info:    Overwriting symbol font `operators' in version `bold'
(Font)                  OT1/cmr/bx/n --> OT1/ptmcm/m/n on input line 65.
LaTeX Font Info:    Redeclaring symbol font `letters' on input line 66.
LaTeX Font Info:    Overwriting symbol font `letters' in version `normal'
(Font)                  OML/cmm/m/it --> OML/ptmcm/m/it on input line 66.
LaTeX Font Info:    Overwriting symbol font `letters' in version `bold'
(Font)                  OML/cmm/b/it --> OML/ptmcm/m/it on input line 66.
LaTeX Font Info:    Redeclaring symbol font `symbols' on input line 67.
LaTeX Font Info:    Overwriting symbol font `symbols' in version `normal'
(Font)                  OMS/cmsy/m/n --> OMS/pzccm/m/n on input line 67.
LaTeX Font Info:    Overwriting symbol font `symbols' in version `bold'
(Font)                  OMS/cmsy/b/n --> OMS/pzccm/m/n on input line 67.
LaTeX Font Info:    Redeclaring symbol font `largesymbols' on input line 68.
LaTeX Font Info:    Overwriting symbol font `largesymbols' in version `normal'
(Font)                  OMX/cmex/m/n --> OMX/psycm/m/n on input line 68.
LaTeX Font Info:    Overwriting symbol font `largesymbols' in version `bold'
(Font)                  OMX/cmex/m/n --> OMX/psycm/m/n on input line 68.
\symbold=\mathgroup4
\symitalic=\mathgroup5
LaTeX Font Info:    Redeclaring math alphabet \mathbf on input line 74.
LaTeX Font Info:    Overwriting math alphabet `\mathbf' in version `normal'
(Font)                  OT1/cmr/bx/n --> OT1/ptm/bx/n on input line 74.
LaTeX Font Info:    Overwriting math alphabet `\mathbf' in version `bold'
(Font)                  OT1/cmr/bx/n --> OT1/ptm/bx/n on input line 74.
LaTeX Font Info:    Redeclaring math alphabet \mathit on input line 75.
LaTeX Font Info:    Overwriting math alphabet `\mathit' in version `normal'
(Font)                  OT1/cmr/m/it --> OT1/ptm/m/it on input line 75.
LaTeX Font Info:    Overwriting math alphabet `\mathit' in version `bold'
(Font)                  OT1/cmr/bx/it --> OT1/ptm/m/it on input line 75.
)
("C:\Users\Miriam\AppData\Local\Programs\MiKTeX 2.9\tex/latex/eurosym\eurosym.s
ty"
Package: eurosym 1998/08/06 v1.1 European currency symbol ``Euro''
\@eurobox=\box27
)
("C:\Users\Miriam\AppData\Local\Programs\MiKTeX 2.9\tex/latex/base\inputenc.sty
"
Package: inputenc 2018/08/11 v1.3c Input encoding file
\inpenc@prehook=\toks14
\inpenc@posthook=\toks15
)
("C:\Users\Miriam\AppData\Local\Programs\MiKTeX 2.9\tex/generic/babel\babel.sty
"
Package: babel 2018/11/13 3.27 The Babel package

("C:\Users\Miriam\AppData\Local\Programs\MiKTeX 2.9\tex/generic/babel\switch.de
f"
File: switch.def 2018/11/13 3.27 Babel switching mechanism
)
*************************************
* Local config file bblopts.cfg used
*
("C:\Users\Miriam\AppData\Local\Programs\MiKTeX 2.9\tex/latex/arabi\bblopts.cfg
"
File: bblopts.cfg 2005/09/08 v0.1 add Arabic and Farsi to "declared" options of
 babel
)
("C:\Users\Miriam\AppData\Local\Programs\MiKTeX 2.9\tex/latex/babel-spanish\spa
nish.ldf"
Language: spanish.ldf 2016/03/03 v5.0p Spanish support from the babel system

("C:\Users\Miriam\AppData\Local\Programs\MiKTeX 2.9\tex/generic/babel\babel.def
"
File: babel.def 2018/11/13 3.27 Babel common definitions
\babel@savecnt=\count89
\U@D=\dimen103

("C:\Users\Miriam\AppData\Local\Programs\MiKTeX 2.9\tex/generic/babel\txtbabel.
def")
\bbl@dirlevel=\count90
)
\es@quottoks=\toks16
\es@quotdepth=\count91
Package babel Info: Making " an active character on input line 561.
Package babel Info: Making . an active character on input line 662.
Package babel Info: Making < an active character on input line 707.
Package babel Info: Making > an active character on input line 707.
))
("C:\Users\Miriam\AppData\Local\Programs\MiKTeX 2.9\tex/latex/listings\listings
.sty"
("C:\Users\Miriam\AppData\Local\Programs\MiKTeX 2.9\tex/latex/graphics\keyval.s
ty"
Package: keyval 2014/10/28 v1.15 key=value parser (DPC)
\KV@toks@=\toks17
)
\lst@mode=\count92
\lst@gtempboxa=\box28
\lst@token=\toks18
\lst@length=\count93
\lst@currlwidth=\dimen104
\lst@column=\count94
\lst@pos=\count95
\lst@lostspace=\dimen105
\lst@width=\dimen106
\lst@newlines=\count96
\lst@lineno=\count97
\lst@maxwidth=\dimen107

("C:\Users\Miriam\AppData\Local\Programs\MiKTeX 2.9\tex/latex/listings\lstmisc.
sty"
File: lstmisc.sty 2018/09/02 1.7 (Carsten Heinz)
\c@lstnumber=\count98
\lst@skipnumbers=\count99
\lst@framebox=\box29
)
("C:\Users\Miriam\AppData\Local\Programs\MiKTeX 2.9\tex/latex/listings\listings
.cfg"
File: listings.cfg 2018/09/02 1.7 listings configuration
))
Package: listings 2018/09/02 1.7 (Carsten Heinz)

("C:\Users\Miriam\AppData\Local\Programs\MiKTeX 2.9\tex/latex/graphics\color.st
y"
Package: color 2016/07/10 v1.1e Standard LaTeX Color (DPC)

("C:\Users\Miriam\AppData\Local\Programs\MiKTeX 2.9\tex/latex/graphics-cfg\colo
r.cfg"
File: color.cfg 2016/01/02 v1.6 sample color configuration
)
Package color Info: Driver file: pdftex.def on input line 147.

("C:\Users\Miriam\AppData\Local\Programs\MiKTeX 2.9\tex/latex/graphics-def\pdft
ex.def"
File: pdftex.def 2018/01/08 v1.0l Graphics/color driver for pdftex
))
("C:\Users\Miriam\AppData\Local\Programs\MiKTeX 2.9\tex/latex/xcolor\xcolor.sty
"
Package: xcolor 2016/05/11 v2.12 LaTeX color extensions (UK)

("C:\Users\Miriam\AppData\Local\Programs\MiKTeX 2.9\tex/latex/graphics-cfg\colo
r.cfg"
File: color.cfg 2016/01/02 v1.6 sample color configuration
)
Package xcolor Info: Driver file: pdftex.def on input line 225.

("C:\Users\Miriam\AppData\Local\Programs\MiKTeX 2.9\tex/latex/colortbl\colortbl
.sty"
Package: colortbl 2018/12/12 v1.0d Color table columns (DPC)

("C:\Users\Miriam\AppData\Local\Programs\MiKTeX 2.9\tex/latex/tools\array.sty"
Package: array 2018/11/13 v2.4j Tabular extension package (FMi)
\col@sep=\dimen108
\ar@mcellbox=\box30
\extrarowheight=\dimen109
\NC@list=\toks19
\extratabsurround=\skip43
\backup@length=\skip44
\ar@cellbox=\box31
)
\everycr=\toks20
\minrowclearance=\skip45
)
LaTeX Info: Redefining \color on input line 709.
\rownum=\count100
Package xcolor Info: Model `cmy' substituted by `cmy0' on input line 1348.
Package xcolor Info: Model `hsb' substituted by `rgb' on input line 1352.
Package xcolor Info: Model `RGB' extended on input line 1364.
Package xcolor Info: Model `HTML' substituted by `rgb' on input line 1366.
Package xcolor Info: Model `Hsb' substituted by `hsb' on input line 1367.
Package xcolor Info: Model `tHsb' substituted by `hsb' on input line 1368.
Package xcolor Info: Model `HSB' substituted by `hsb' on input line 1369.
Package xcolor Info: Model `Gray' substituted by `gray' on input line 1370.
Package xcolor Info: Model `wave' substituted by `hsb' on input line 1371.
)
("C:\Users\Miriam\AppData\Local\Programs\MiKTeX 2.9\tex/latex/anysize\anysize.s
ty"
Package: anysize 1994/08/13 setting margin sizes

document style option `anysize' loaded
Michael Salzenberg, Thomas Esser, Dirk Hillbrecht
Version 1.0, Aug 13, 1994
\@Leftmargin=\dimen110
\@Rightmargin=\dimen111
\@Topmargin=\dimen112
\@Bottommargin=\dimen113
)
("C:\Users\Miriam\AppData\Local\Programs\MiKTeX 2.9\tex/latex/fancyhdr\fancyhdr
.sty"
Package: fancyhdr 2019/01/31 v3.10 Extensive control of page headers and footer
s
\f@nch@headwidth=\skip46
\f@nch@O@elh=\skip47
\f@nch@O@erh=\skip48
\f@nch@O@olh=\skip49
\f@nch@O@orh=\skip50
\f@nch@O@elf=\skip51
\f@nch@O@erf=\skip52
\f@nch@O@olf=\skip53
\f@nch@O@orf=\skip54
)
("C:\Users\Miriam\AppData\Local\Programs\MiKTeX 2.9\tex/latex/quotchap\quotchap
.sty"
Package: quotchap 2012/10/20 v1.1 Decorative Chapter Headings with Quotes
\@quotebox=\box32
)
("C:\Users\Miriam\AppData\Local\Programs\MiKTeX 2.9\tex/latex/algorithms\algori
thmic.sty"
Package: algorithmic 2009/08/24 v0.1 Document Style `algorithmic'

("C:\Users\Miriam\AppData\Local\Programs\MiKTeX 2.9\tex/latex/base\ifthen.sty"
Package: ifthen 2014/09/29 v1.1c Standard LaTeX ifthen package (DPC)
)
\c@ALC@unique=\count101
\c@ALC@line=\count102
\c@ALC@rem=\count103
\c@ALC@depth=\count104
\ALC@tlm=\skip55
\algorithmicindent=\skip56
)
("C:\Users\Miriam\AppData\Local\Programs\MiKTeX 2.9\tex/latex/titlesec\titlesec
.sty"
Package: titlesec 2016/03/21 v2.10.2 Sectioning titles
\ttl@box=\box33
\beforetitleunit=\skip57
\aftertitleunit=\skip58
\ttl@plus=\dimen114
\ttl@minus=\dimen115
\ttl@toksa=\toks21
\titlewidth=\dimen116
\titlewidthlast=\dimen117
\titlewidthfirst=\dimen118
)
("C:\Users\Miriam\AppData\Local\Programs\MiKTeX 2.9\tex/latex/amsmath\amsmath.s
ty"
Package: amsmath 2018/12/01 v2.17b AMS math features
\@mathmargin=\skip59

For additional information on amsmath, use the `?' option.

("C:\Users\Miriam\AppData\Local\Programs\MiKTeX 2.9\tex/latex/amsmath\amstext.s
ty"
Package: amstext 2000/06/29 v2.01 AMS text

("C:\Users\Miriam\AppData\Local\Programs\MiKTeX 2.9\tex/latex/amsmath\amsgen.st
y"
File: amsgen.sty 1999/11/30 v2.0 generic functions
\@emptytoks=\toks22
\ex@=\dimen119
))
("C:\Users\Miriam\AppData\Local\Programs\MiKTeX 2.9\tex/latex/amsmath\amsbsy.st
y"
Package: amsbsy 1999/11/29 v1.2d Bold Symbols
\pmbraise@=\dimen120
)
("C:\Users\Miriam\AppData\Local\Programs\MiKTeX 2.9\tex/latex/amsmath\amsopn.st
y"
Package: amsopn 2016/03/08 v2.02 operator names
)
\inf@bad=\count105
LaTeX Info: Redefining \frac on input line 223.
\uproot@=\count106
\leftroot@=\count107
LaTeX Info: Redefining \overline on input line 385.
\classnum@=\count108
\DOTSCASE@=\count109
LaTeX Info: Redefining \ldots on input line 482.
LaTeX Info: Redefining \dots on input line 485.
LaTeX Info: Redefining \cdots on input line 606.
\Mathstrutbox@=\box34
\strutbox@=\box35
\big@size=\dimen121
LaTeX Font Info:    Redeclaring font encoding OML on input line 729.
LaTeX Font Info:    Redeclaring font encoding OMS on input line 730.
\macc@depth=\count110
\c@MaxMatrixCols=\count111
\dotsspace@=\muskip10
\c@parentequation=\count112
\dspbrk@lvl=\count113
\tag@help=\toks23
\row@=\count114
\column@=\count115
\maxfields@=\count116
\andhelp@=\toks24
\eqnshift@=\dimen122
\alignsep@=\dimen123
\tagshift@=\dimen124
\tagwidth@=\dimen125
\totwidth@=\dimen126
\lineht@=\dimen127
\@envbody=\toks25
\multlinegap=\skip60
\multlinetaggap=\skip61
\mathdisplay@stack=\toks26
LaTeX Info: Redefining \[ on input line 2844.
LaTeX Info: Redefining \] on input line 2845.
)
("C:\Users\Miriam\AppData\Local\Programs\MiKTeX 2.9\tex/latex/tools\enumerate.s
ty"
Package: enumerate 2015/07/23 v3.00 enumerate extensions (DPC)
\@enLab=\toks27
)
("C:\Users\Miriam\AppData\Local\Programs\MiKTeX 2.9\tex/latex/emptypage\emptypa
ge.sty"
Package: emptypage 2010/05/30 v1.2 Suppress page numbers and headings on empty 
pages
)
("C:\Users\Miriam\AppData\Local\Programs\MiKTeX 2.9\tex/latex/float\float.sty"
Package: float 2001/11/08 v1.3d Float enhancements (AL)
\c@float@type=\count117
\float@exts=\toks28
\float@box=\box36
\@float@everytoks=\toks29
\@floatcapt=\box37
)
("C:\Users\Miriam\AppData\Local\Programs\MiKTeX 2.9\tex/latex/graphics\graphicx
.sty"
Package: graphicx 2017/06/01 v1.1a Enhanced LaTeX Graphics (DPC,SPQR)

("C:\Users\Miriam\AppData\Local\Programs\MiKTeX 2.9\tex/latex/graphics\graphics
.sty"
Package: graphics 2017/06/25 v1.2c Standard LaTeX Graphics (DPC,SPQR)

("C:\Users\Miriam\AppData\Local\Programs\MiKTeX 2.9\tex/latex/graphics\trig.sty
"
Package: trig 2016/01/03 v1.10 sin cos tan (DPC)
)
("C:\Users\Miriam\AppData\Local\Programs\MiKTeX 2.9\tex/latex/graphics-cfg\grap
hics.cfg"
File: graphics.cfg 2016/06/04 v1.11 sample graphics configuration
)
Package graphics Info: Driver file: pdftex.def on input line 99.
)
\Gin@req@height=\dimen128
\Gin@req@width=\dimen129
)
("C:\Users\Miriam\AppData\Local\Programs\MiKTeX 2.9\tex/latex/mdwtools\mdwmath.
sty"
Package: mdwmath 1996/04/11 1.1 Nice mathematical things
\sq@sqrt=\count118
LaTeX Info: Redefining \sqrt on input line 84.
)
("C:\Users\Miriam\AppData\Local\Programs\MiKTeX 2.9\tex/latex/subfig\subfig.sty
"
Package: subfig 2005/06/28 ver: 1.3 subfig package

("C:\Users\Miriam\AppData\Local\Programs\MiKTeX 2.9\tex/latex/caption\caption3.
sty"
Package: caption3 2018/09/12 v1.8c caption3 kernel (AR)
Package caption3 Info: TeX engine: e-TeX on input line 64.
\captionmargin=\dimen130
\captionmargin@=\dimen131
\captionwidth=\dimen132
\caption@tempdima=\dimen133
\caption@indent=\dimen134
\caption@parindent=\dimen135
\caption@hangindent=\dimen136
)
\c@KVtest=\count119
\sf@farskip=\skip62
\sf@captopadj=\dimen137
\sf@capskip=\skip63
\sf@nearskip=\skip64
\c@subfigure=\count120
\c@subfigure@save=\count121
\c@lofdepth=\count122
\c@subtable=\count123
\c@subtable@save=\count124
\c@lotdepth=\count125
\sf@top=\skip65
\sf@bottom=\skip66
)
("C:\Users\Miriam\AppData\Local\Programs\MiKTeX 2.9\tex/latex/pdfpages\pdfpages
.sty"
Package: pdfpages 2017/10/31 v0.5l Insert pages of external PDF documents (AM)

("C:\Users\Miriam\AppData\Local\Programs\MiKTeX 2.9\tex/latex/tools\calc.sty"
Package: calc 2017/05/25 v4.3 Infix arithmetic (KKT,FJ)
\calc@Acount=\count126
\calc@Bcount=\count127
\calc@Adimen=\dimen138
\calc@Bdimen=\dimen139
\calc@Askip=\skip67
\calc@Bskip=\skip68
LaTeX Info: Redefining \setlength on input line 80.
LaTeX Info: Redefining \addtolength on input line 81.
\calc@Ccount=\count128
\calc@Cskip=\skip69
)
("C:\Users\Miriam\AppData\Local\Programs\MiKTeX 2.9\tex/latex/eso-pic\eso-pic.s
ty"
Package: eso-pic 2018/04/12 v2.0h eso-pic (RN)

("C:\Users\Miriam\AppData\Local\Programs\MiKTeX 2.9\tex/generic/oberdiek\atbegs
hi.sty"
Package: atbegshi 2016/06/09 v1.18 At begin shipout hook (HO)

("C:\Users\Miriam\AppData\Local\Programs\MiKTeX 2.9\tex/generic/oberdiek\infwar
err.sty"
Package: infwarerr 2016/05/16 v1.4 Providing info/warning/error messages (HO)
)
("C:\Users\Miriam\AppData\Local\Programs\MiKTeX 2.9\tex/generic/oberdiek\ltxcmd
s.sty"
Package: ltxcmds 2016/05/16 v1.23 LaTeX kernel commands for general use (HO)
)
("C:\Users\Miriam\AppData\Local\Programs\MiKTeX 2.9\tex/generic/oberdiek\ifpdf.
sty"
Package: ifpdf 2018/09/07 v3.3 Provides the ifpdf switch
)))
\AM@pagewidth=\dimen140
\AM@pageheight=\dimen141

("C:\Users\Miriam\AppData\Local\Programs\MiKTeX 2.9\tex/latex/pdfpages\pppdftex
.def"
File: pppdftex.def 2017/10/31 v0.5l Pdfpages driver for pdfTeX (AM)
)
\AM@pagebox=\box38
\AM@global@opts=\toks30
\AM@toc@title=\toks31
\c@AM@survey=\count129
\AM@templatesizebox=\box39
)
("C:\Users\Miriam\AppData\Local\Programs\MiKTeX 2.9\tex/latex/fancybox\fancybox
.sty"
Package: fancybox 2010/05/15 1.4

Style option: `fancybox' v1.4 <2010/05/15> (tvz)
\@fancybox=\box40
\shadowsize=\dimen142
\@Sbox=\box41
\do@VerbBox=\toks32
\the@fancyput=\toks33
\this@fancyput=\toks34
\EndVerbatimTokens=\toks35
\Verbatim@Outfile=\write3
\Verbatim@Infile=\read1
)
("C:\Users\Miriam\AppData\Local\Programs\MiKTeX 2.9\tex/latex/appendix\appendix
.sty"
Package: appendix 2009/09/02 v1.2b extra appendix facilities
\c@@pps=\count130
\c@@ppsavesec=\count131
\c@@ppsaveapp=\count132
)
("C:\Users\Miriam\AppData\Local\Programs\MiKTeX 2.9\tex/latex/oberdiek\bookmark
.sty"
Package: bookmark 2016/05/17 v1.26 PDF bookmarks (HO)

("C:\Users\Miriam\AppData\Local\Programs\MiKTeX 2.9\tex/generic/oberdiek\pdfesc
ape.sty"
Package: pdfescape 2016/05/16 v1.14 Implements pdfTeX's escape features (HO)

("C:\Users\Miriam\AppData\Local\Programs\MiKTeX 2.9\tex/generic/oberdiek\pdftex
cmds.sty"
Package: pdftexcmds 2018/09/10 v0.29 Utility functions of pdfTeX for LuaTeX (HO
)

("C:\Users\Miriam\AppData\Local\Programs\MiKTeX 2.9\tex/generic/oberdiek\ifluat
ex.sty"
Package: ifluatex 2016/05/16 v1.4 Provides the ifluatex switch (HO)
Package ifluatex Info: LuaTeX not detected.
)
Package pdftexcmds Info: LuaTeX not detected.
Package pdftexcmds Info: \pdf@primitive is available.
Package pdftexcmds Info: \pdf@ifprimitive is available.
Package pdftexcmds Info: \pdfdraftmode found.
))
("C:\Users\Miriam\AppData\Local\Programs\MiKTeX 2.9\tex/generic/ifxetex\ifxetex
.sty"
Package: ifxetex 2010/09/12 v0.6 Provides ifxetex conditional
)
("C:\Users\Miriam\AppData\Local\Programs\MiKTeX 2.9\tex/generic/oberdiek\ifvtex
.sty"
Package: ifvtex 2016/05/16 v1.6 Detect VTeX and its facilities (HO)
Package ifvtex Info: VTeX not detected.
)
("C:\Users\Miriam\AppData\Local\Programs\MiKTeX 2.9\tex/latex/hyperref\hyperref
.sty"
Package: hyperref 2018/11/30 v6.88e Hypertext links for LaTeX

("C:\Users\Miriam\AppData\Local\Programs\MiKTeX 2.9\tex/generic/oberdiek\hobsub
-hyperref.sty"
Package: hobsub-hyperref 2016/05/16 v1.14 Bundle oberdiek, subset hyperref (HO)


("C:\Users\Miriam\AppData\Local\Programs\MiKTeX 2.9\tex/generic/oberdiek\hobsub
-generic.sty"
Package: hobsub-generic 2016/05/16 v1.14 Bundle oberdiek, subset generic (HO)
Package: hobsub 2016/05/16 v1.14 Construct package bundles (HO)
Package hobsub Info: Skipping package `infwarerr' (already loaded).
Package hobsub Info: Skipping package `ltxcmds' (already loaded).
Package hobsub Info: Skipping package `ifluatex' (already loaded).
Package hobsub Info: Skipping package `ifvtex' (already loaded).
Package: intcalc 2016/05/16 v1.2 Expandable calculations with integers (HO)
Package hobsub Info: Skipping package `ifpdf' (already loaded).
Package: etexcmds 2016/05/16 v1.6 Avoid name clashes with e-TeX commands (HO)
Package: kvsetkeys 2016/05/16 v1.17 Key value parser (HO)
Package: kvdefinekeys 2016/05/16 v1.4 Define keys (HO)
Package hobsub Info: Skipping package `pdftexcmds' (already loaded).
Package hobsub Info: Skipping package `pdfescape' (already loaded).
Package: bigintcalc 2016/05/16 v1.4 Expandable calculations on big integers (HO
)
Package: bitset 2016/05/16 v1.2 Handle bit-vector datatype (HO)
Package: uniquecounter 2016/05/16 v1.3 Provide unlimited unique counter (HO)
)
Package hobsub Info: Skipping package `hobsub' (already loaded).
Package: letltxmacro 2016/05/16 v1.5 Let assignment for LaTeX macros (HO)
Package: hopatch 2016/05/16 v1.3 Wrapper for package hooks (HO)
Package: xcolor-patch 2016/05/16 xcolor patch
Package: atveryend 2016/05/16 v1.9 Hooks at the very end of document (HO)
Package atveryend Info: \enddocument detected (standard20110627).
Package hobsub Info: Skipping package `atbegshi' (already loaded).
Package: refcount 2016/05/16 v3.5 Data extraction from label references (HO)
Package: hycolor 2016/05/16 v1.8 Color options for hyperref/bookmark (HO)
)
("C:\Users\Miriam\AppData\Local\Programs\MiKTeX 2.9\tex/latex/oberdiek\auxhook.
sty"
Package: auxhook 2016/05/16 v1.4 Hooks for auxiliary files (HO)
)
("C:\Users\Miriam\AppData\Local\Programs\MiKTeX 2.9\tex/latex/oberdiek\kvoption
s.sty"
Package: kvoptions 2016/05/16 v3.12 Key value format for package options (HO)
)
\@linkdim=\dimen143
\Hy@linkcounter=\count133
\Hy@pagecounter=\count134

("C:\Users\Miriam\AppData\Local\Programs\MiKTeX 2.9\tex/latex/hyperref\pd1enc.d
ef"
File: pd1enc.def 2018/11/30 v6.88e Hyperref: PDFDocEncoding definition (HO)
Now handling font encoding PD1 ...
... no UTF-8 mapping file for font encoding PD1
)
\Hy@SavedSpaceFactor=\count135

("C:\Users\Miriam\AppData\Local\Programs\MiKTeX 2.9\tex/latex/00miktex\hyperref
.cfg"
File: hyperref.cfg 2002/06/06 v1.2 hyperref configuration of TeXLive
)
Package hyperref Info: Hyper figures OFF on input line 4519.
Package hyperref Info: Link nesting OFF on input line 4524.
Package hyperref Info: Hyper index ON on input line 4527.
Package hyperref Info: Plain pages OFF on input line 4534.
Package hyperref Info: Backreferencing OFF on input line 4539.
Package hyperref Info: Implicit mode ON; LaTeX internals redefined.
Package hyperref Info: Bookmarks ON on input line 4772.
\c@Hy@tempcnt=\count136
 ("C:\Users\Miriam\AppData\Local\Programs\MiKTeX 2.9\tex/latex/url\url.sty"
\Urlmuskip=\muskip11
Package: url 2013/09/16  ver 3.4  Verb mode for urls, etc.
)
LaTeX Info: Redefining \url on input line 5125.
\XeTeXLinkMargin=\dimen144
\Fld@menulength=\count137
\Field@Width=\dimen145
\Fld@charsize=\dimen146
Package hyperref Info: Hyper figures OFF on input line 6380.
Package hyperref Info: Link nesting OFF on input line 6385.
Package hyperref Info: Hyper index ON on input line 6388.
Package hyperref Info: backreferencing OFF on input line 6395.
Package hyperref Info: Link coloring OFF on input line 6400.
Package hyperref Info: Link coloring with OCG OFF on input line 6405.
Package hyperref Info: PDF/A mode OFF on input line 6410.
LaTeX Info: Redefining \ref on input line 6450.
LaTeX Info: Redefining \pageref on input line 6454.
\Hy@abspage=\count138
\c@Item=\count139
\c@Hfootnote=\count140
)
Package hyperref Info: Driver (autodetected): hpdftex.

("C:\Users\Miriam\AppData\Local\Programs\MiKTeX 2.9\tex/latex/hyperref\hpdftex.
def"
File: hpdftex.def 2018/11/30 v6.88e Hyperref driver for pdfTeX
\Fld@listcount=\count141
\c@bookmark@seq@number=\count142

("C:\Users\Miriam\AppData\Local\Programs\MiKTeX 2.9\tex/latex/oberdiek\rerunfil
echeck.sty"
Package: rerunfilecheck 2016/05/16 v1.8 Rerun checks for auxiliary files (HO)
Package uniquecounter Info: New unique counter `rerunfilecheck' on input line 2
82.
)
\Hy@SectionHShift=\skip70
)
("C:\Users\Miriam\AppData\Local\Programs\MiKTeX 2.9\tex/latex/oberdiek\bkm-pdft
ex.def"
File: bkm-pdftex.def 2016/05/17 v1.26 bookmark driver for pdfTeX (HO)
\BKM@id=\count143
))
("C:\Users\Miriam\AppData\Local\Programs\MiKTeX 2.9\tex/latex/enumitem\enumitem
.sty"
Package: enumitem 2019/02/04 v3.8 Customized lists
\labelindent=\skip71
\enit@outerparindent=\dimen147
\enit@toks=\toks36
\enit@inbox=\box42
\enit@count@id=\count144
\enitdp@description=\count145
)
("C:\Users\Miriam\AppData\Local\Programs\MiKTeX 2.9\tex/latex/setspace\setspace
.sty"
Package: setspace 2011/12/19 v6.7a set line spacing
)
("C:\Users\Miriam\AppData\Local\Programs\MiKTeX 2.9\tex/latex/glossaries/base\g
lossaries.sty"
Package: glossaries 2019/01/06 v4.42 (NLCT)

("C:\Users\Miriam\AppData\Local\Programs\MiKTeX 2.9\tex/latex/xkeyval\xkeyval.s
ty"
Package: xkeyval 2014/12/03 v2.7a package option processing (HA)

("C:\Users\Miriam\AppData\Local\Programs\MiKTeX 2.9\tex/generic/xkeyval\xkeyval
.tex"
("C:\Users\Miriam\AppData\Local\Programs\MiKTeX 2.9\tex/generic/xkeyval\xkvutil
s.tex"
\XKV@toks=\toks37
\XKV@tempa@toks=\toks38
)
\XKV@depth=\count146
File: xkeyval.tex 2014/12/03 v2.7a key=value parser (HA)
))
("C:\Users\Miriam\AppData\Local\Programs\MiKTeX 2.9\tex/latex/mfirstuc\mfirstuc
.sty"
Package: mfirstuc 2017/11/14 v2.06 (NLCT)

("C:\Users\Miriam\AppData\Local\Programs\MiKTeX 2.9\tex/latex/etoolbox\etoolbox
.sty"
Package: etoolbox 2018/08/19 v2.5f e-TeX tools for LaTeX (JAW)
\etb@tempcnta=\count147
)
\@glsmfirst=\toks39
\@glsmrest=\toks40
)
("C:\Users\Miriam\AppData\Local\Programs\MiKTeX 2.9\tex/latex/textcase\textcase
.sty"
Package: textcase 2004/10/07 v0.07 Text only upper/lower case changing (DPC)
)
("C:\Users\Miriam\AppData\Local\Programs\MiKTeX 2.9\tex/latex/xfor\xfor.sty"
Package: xfor 2009/02/05 v1.05 (NLCT)
)
("C:\Users\Miriam\AppData\Local\Programs\MiKTeX 2.9\tex/latex/datatool\datatool
-base.sty"
Package: datatool-base 2018/12/07 v2.31 (NLCT)

("C:\Users\Miriam\AppData\Local\Programs\MiKTeX 2.9\tex/latex/substr\substr.sty
"
Package: substr 2009/10/20 v1.2 Handle substrings
\c@su@anzahl=\count148
)
("C:\Users\Miriam\AppData\Local\Programs\MiKTeX 2.9\tex/latex/datatool\datatool
-fp.sty"
Package: datatool-fp 2018/12/07 v2.31 (NLCT)
 ("C:\Users\Miriam\AppData\Local\Programs\MiKTeX 2.9\tex/latex/fp\fp.sty"
Package: fp 1995/04/02
 `Fixed Point Package', Version 0.8, April 2, 1995 (C) Michael Mehlich
("C:\Users\Miriam\AppData\Local\Programs\MiKTeX 2.9\tex/latex/fp\defpattern.sty
"
Package: defpattern 1994/10/12
\actioncount=\count149
) ("C:\Users\Miriam\AppData\Local\Programs\MiKTeX 2.9\tex/latex/fp\fp-basic.sty
"
Package: fp-basic 1996/05/13
\FP@xs=\count150
\FP@xia=\count151
\FP@xib=\count152
\FP@xfa=\count153
\FP@xfb=\count154
\FP@rega=\count155
\FP@regb=\count156
\FP@regs=\count157
\FP@times=\count158
)
("C:\Users\Miriam\AppData\Local\Programs\MiKTeX 2.9\tex/latex/fp\fp-addons.sty"
Package: fp-addons 1995/03/15
) ("C:\Users\Miriam\AppData\Local\Programs\MiKTeX 2.9\tex/latex/fp\fp-snap.sty"
Package: fp-snap 1995/04/05
) ("C:\Users\Miriam\AppData\Local\Programs\MiKTeX 2.9\tex/latex/fp\fp-exp.sty"
Package: fp-exp 1995/04/03
) ("C:\Users\Miriam\AppData\Local\Programs\MiKTeX 2.9\tex/latex/fp\fp-trigo.sty
"
Package: fp-trigo 1995/04/14
) ("C:\Users\Miriam\AppData\Local\Programs\MiKTeX 2.9\tex/latex/fp\fp-pas.sty"
Package: fp-pas 1994/08/29
) ("C:\Users\Miriam\AppData\Local\Programs\MiKTeX 2.9\tex/latex/fp\fp-random.st
y"
Package: fp-random 1995/02/23
\FPseed=\count159
) ("C:\Users\Miriam\AppData\Local\Programs\MiKTeX 2.9\tex/latex/fp\fp-eqn.sty"
Package: fp-eqn 1995/04/03
) ("C:\Users\Miriam\AppData\Local\Programs\MiKTeX 2.9\tex/latex/fp\fp-upn.sty"
Package: fp-upn 1996/10/21
) ("C:\Users\Miriam\AppData\Local\Programs\MiKTeX 2.9\tex/latex/fp\fp-eval.sty"
Package: fp-eval 1995/04/03
)))
\@dtl@toks=\toks41
\@dtl@tmpcount=\count160
\dtl@tmplength=\skip72
\dtl@sortresult=\count161
\@dtl@numgrpsepcount=\count162
\@dtl@datatype=\count163
\dtl@codeA=\count164
\dtl@codeB=\count165
\@dtl@foreach@level=\count166
)
("C:\Users\Miriam\AppData\Local\Programs\MiKTeX 2.9\tex/latex/glossaries/base\g
lossaries-compatible-307.sty"
Package: glossaries-compatible-307 2019/01/06 v4.42 (NLCT)
)
("C:\Users\Miriam\AppData\Local\Programs\MiKTeX 2.9\tex/latex/tracklang\trackla
ng.sty"
Package: tracklang 2018/05/13 v1.3.6 (NLCT) Track Languages

("C:\Users\Miriam\AppData\Local\Programs\MiKTeX 2.9\tex/generic/tracklang\track
lang.tex"))
("C:\Users\Miriam\AppData\Local\Programs\MiKTeX 2.9\tex/latex/translator\transl
ator.sty"
Package: translator 2018/01/04 v1.12 Easy translation of strings in LaTeX
)
("C:\Users\Miriam\AppData\Local\Programs\MiKTeX 2.9\tex/latex/glossaries-spanis
h\glossaries-spanish.ldf"
File: glossaries-spanish.ldf 2014/11/23 v1.0

("C:\Users\Miriam\AppData\Local\Programs\MiKTeX 2.9\tex/latex/glossaries-spanis
h\glossaries-spanish-utf8.ldf"))
\gls@level=\count167
\@gls@tmpb=\toks42
\gls@tmplen=\skip73
\glskeylisttok=\toks43
\glslabeltok=\toks44
\glsshorttok=\toks45
\glslongtok=\toks46

("C:\Users\Miriam\AppData\Local\Programs\MiKTeX 2.9\tex/latex/glossaries/styles
\glossary-hypernav.sty"
Package: glossary-hypernav 2019/01/06 v4.42 (NLCT)
)
("C:\Users\Miriam\AppData\Local\Programs\MiKTeX 2.9\tex/latex/glossaries/styles
\glossary-list.sty"
Package: glossary-list 2019/01/06 v4.42 (NLCT)
\glslistdottedwidth=\skip74
)
("C:\Users\Miriam\AppData\Local\Programs\MiKTeX 2.9\tex/latex/glossaries/styles
\glossary-long.sty"
Package: glossary-long 2019/01/06 v4.42 (NLCT)

("C:\Users\Miriam\AppData\Local\Programs\MiKTeX 2.9\tex/latex/tools\longtable.s
ty"
Package: longtable 2014/10/28 v4.11 Multi-page Table package (DPC)
\LTleft=\skip75
\LTright=\skip76
\LTpre=\skip77
\LTpost=\skip78
\LTchunksize=\count168
\LTcapwidth=\dimen148
\LT@head=\box43
\LT@firsthead=\box44
\LT@foot=\box45
\LT@lastfoot=\box46
\LT@cols=\count169
\LT@rows=\count170
\c@LT@tables=\count171
\c@LT@chunks=\count172
\LT@p@ftn=\toks47
)
\glsdescwidth=\skip79
\glspagelistwidth=\skip80
)
("C:\Users\Miriam\AppData\Local\Programs\MiKTeX 2.9\tex/latex/glossaries/styles
\glossary-super.sty"
Package: glossary-super 2019/01/06 v4.42 (NLCT)

("C:\Users\Miriam\AppData\Local\Programs\MiKTeX 2.9\tex/latex/supertabular\supe
rtabular.sty"
Package: supertabular 2004/02/20 v4.1e the supertabular environment
\c@tracingst=\count173
\ST@wd=\dimen149
\ST@rightskip=\skip81
\ST@leftskip=\skip82
\ST@parfillskip=\skip83
\ST@pageleft=\dimen150
\ST@headht=\dimen151
\ST@tailht=\dimen152
\ST@pagesofar=\dimen153
\ST@pboxht=\dimen154
\ST@lineht=\dimen155
\ST@stretchht=\dimen156
\ST@prevht=\dimen157
\ST@toadd=\dimen158
\ST@dimen=\dimen159
\ST@pbox=\box47
))
("C:\Users\Miriam\AppData\Local\Programs\MiKTeX 2.9\tex/latex/glossaries/styles
\glossary-tree.sty"
Package: glossary-tree 2019/01/06 v4.42 (NLCT)
\glstreeindent=\skip84
))
("C:\Users\Miriam\AppData\Local\Programs\MiKTeX 2.9\tex/latex/base\fontenc.sty"
Package: fontenc 2018/08/11 v2.0j Standard LaTeX package
("C:\Users\Miriam\AppData\Local\Programs\MiKTeX 2.9\tex/latex/base\t1enc.def"
File: t1enc.def 2018/08/11 v2.0j Standard LaTeX file
LaTeX Font Info:    Redeclaring font encoding T1 on input line 48.
))
("C:\Users\Miriam\AppData\Local\Programs\MiKTeX 2.9\tex/latex/biblatex\biblatex
.sty"
Package: biblatex 2018/11/02 v3.12 programmable bibliographies (PK/MW)

("C:\Users\Miriam\AppData\Local\Programs\MiKTeX 2.9\tex/latex/logreq\logreq.sty
"
Package: logreq 2010/08/04 v1.0 xml request logger
\lrq@indent=\count174

("C:\Users\Miriam\AppData\Local\Programs\MiKTeX 2.9\tex/latex/logreq\logreq.def
"
File: logreq.def 2010/08/04 v1.0 logreq spec v1.0
))
\c@tabx@nest=\count175
\c@listtotal=\count176
\c@listcount=\count177
\c@liststart=\count178
\c@liststop=\count179
\c@citecount=\count180
\c@citetotal=\count181
\c@multicitecount=\count182
\c@multicitetotal=\count183
\c@instcount=\count184
\c@maxnames=\count185
\c@minnames=\count186
\c@maxitems=\count187
\c@minitems=\count188
\c@citecounter=\count189
\c@maxcitecounter=\count190
\c@savedcitecounter=\count191
\c@uniquelist=\count192
\c@uniquename=\count193
\c@refsection=\count194
\c@refsegment=\count195
\c@maxextratitle=\count196
\c@maxextratitleyear=\count197
\c@maxextraname=\count198
\c@maxextradate=\count199
\c@maxextraalpha=\count266
\c@abbrvpenalty=\count267
\c@highnamepenalty=\count268
\c@lownamepenalty=\count269
\c@maxparens=\count270
\c@parenlevel=\count271
\blx@tempcnta=\count272
\blx@tempcntb=\count273
\blx@tempcntc=\count274
\blx@maxsection=\count275
\blx@maxsegment@0=\count276
\blx@notetype=\count277
\blx@parenlevel@text=\count278
\blx@parenlevel@foot=\count279
\blx@sectionciteorder@0=\count280
\blx@entrysetcounter=\count281
\labelnumberwidth=\skip85
\labelalphawidth=\skip86
\biblabelsep=\skip87
\bibitemsep=\skip88
\bibnamesep=\skip89
\bibinitsep=\skip90
\bibparsep=\skip91
\bibhang=\skip92
\blx@bcfin=\read2
\blx@bcfout=\write4
\c@mincomprange=\count282
\c@maxcomprange=\count283
\c@mincompwidth=\count284
Package biblatex Info: Trying to load biblatex default data model...
Package biblatex Info: ... file 'blx-dm.def' found.

("C:\Users\Miriam\AppData\Local\Programs\MiKTeX 2.9\tex/latex/biblatex\blx-dm.d
ef"
File: blx-dm.def 2018/11/02 v3.12 biblatex localization (PK/MW)
)
Package biblatex Info: Trying to load biblatex custom data model...
Package biblatex Info: ... file 'biblatex-dm.cfg' not found.
\c@afterword=\count285
\c@savedafterword=\count286
\c@annotator=\count287
\c@savedannotator=\count288
\c@author=\count289
\c@savedauthor=\count290
\c@bookauthor=\count291
\c@savedbookauthor=\count292
\c@commentator=\count293
\c@savedcommentator=\count294
\c@editor=\count295
\c@savededitor=\count296
\c@editora=\count297
\c@savededitora=\count298
\c@editorb=\count299
\c@savededitorb=\count300
\c@editorc=\count301
\c@savededitorc=\count302
\c@foreword=\count303
\c@savedforeword=\count304
\c@holder=\count305
\c@savedholder=\count306
\c@introduction=\count307
\c@savedintroduction=\count308
\c@namea=\count309
\c@savednamea=\count310
\c@nameb=\count311
\c@savednameb=\count312
\c@namec=\count313
\c@savednamec=\count314
\c@translator=\count315
\c@savedtranslator=\count316
\c@shortauthor=\count317
\c@savedshortauthor=\count318
\c@shorteditor=\count319
\c@savedshorteditor=\count320
\c@labelname=\count321
\c@savedlabelname=\count322
\c@institution=\count323
\c@savedinstitution=\count324
\c@lista=\count325
\c@savedlista=\count326
\c@listb=\count327
\c@savedlistb=\count328
\c@listc=\count329
\c@savedlistc=\count330
\c@listd=\count331
\c@savedlistd=\count332
\c@liste=\count333
\c@savedliste=\count334
\c@listf=\count335
\c@savedlistf=\count336
\c@location=\count337
\c@savedlocation=\count338
\c@organization=\count339
\c@savedorganization=\count340
\c@origlocation=\count341
\c@savedoriglocation=\count342
\c@origpublisher=\count343
\c@savedorigpublisher=\count344
\c@publisher=\count345
\c@savedpublisher=\count346
\c@language=\count347
\c@savedlanguage=\count348
\c@origlanguage=\count349
\c@savedoriglanguage=\count350
\c@pageref=\count351
\c@savedpageref=\count352
\shorthandwidth=\skip93
\shortjournalwidth=\skip94
\shortserieswidth=\skip95
\shorttitlewidth=\skip96
\shortauthorwidth=\skip97
\shorteditorwidth=\skip98
\locallabelnumberwidth=\skip99
\locallabelalphawidth=\skip100
\localshorthandwidth=\skip101
\localshortjournalwidth=\skip102
\localshortserieswidth=\skip103
\localshorttitlewidth=\skip104
\localshortauthorwidth=\skip105
\localshorteditorwidth=\skip106
Package biblatex Info: Trying to load compatibility code...
Package biblatex Info: ... file 'blx-compat.def' found.

("C:\Users\Miriam\AppData\Local\Programs\MiKTeX 2.9\tex/latex/biblatex\blx-comp
at.def"
File: blx-compat.def 2018/11/02 v3.12 biblatex compatibility (PK/MW)
)
Package biblatex Info: Trying to load BibTeX backend compatibility...
Package biblatex Info: ... file 'blx-bibtex.def' found.

("C:\Users\Miriam\AppData\Local\Programs\MiKTeX 2.9\tex/latex/biblatex\blx-bibt
ex.def"
File: blx-bibtex.def 2018/11/02 v3.12 biblatex compatibility (PK/MW)


Package biblatex Warning: Using fall-back BibTeX(8) backend:
(biblatex)                functionality may be reduced/unavailable.

)
Package biblatex Info: Trying to load generic definitions...
Package biblatex Info: ... file 'biblatex.def' found.

("C:\Users\Miriam\AppData\Local\Programs\MiKTeX 2.9\tex/latex/biblatex\biblatex
.def"
File: biblatex.def 2018/11/02 v3.12 biblatex compatibility (PK/MW)
\c@textcitecount=\count353
\c@textcitetotal=\count354
\c@textcitemaxnames=\count355
\c@biburlnumpenalty=\count356
\c@biburlucpenalty=\count357
\c@biburllcpenalty=\count358
\c@smartand=\count359
)
Package biblatex Info: Trying to load natbib compatibility...
Package biblatex Info: ... file 'blx-natbib.def' found.

("C:\Users\Miriam\AppData\Local\Programs\MiKTeX 2.9\tex/latex/biblatex\blx-natb
ib.def"
File: blx-natbib.def 2018/11/02 v3.12 biblatex compatibility (PK/MW)
Package biblatex Info: Delimiter 'nameyeardelim' in context '' already defined,
 overwriting.
)
Package biblatex Info: Trying to load bibliography style 'numeric'...
Package biblatex Info: ... file 'numeric.bbx' found.

("C:\Users\Miriam\AppData\Local\Programs\MiKTeX 2.9\tex/latex/biblatex/bbx\nume
ric.bbx"
File: numeric.bbx 2018/11/02 v3.12 biblatex bibliography style (PK/MW)
Package biblatex Info: Trying to load bibliography style 'standard'...
Package biblatex Info: ... file 'standard.bbx' found.

("C:\Users\Miriam\AppData\Local\Programs\MiKTeX 2.9\tex/latex/biblatex/bbx\stan
dard.bbx"
File: standard.bbx 2018/11/02 v3.12 biblatex bibliography style (PK/MW)
\c@bbx:relatedcount=\count360
\c@bbx:relatedtotal=\count361
))
Package biblatex Info: Trying to load citation style 'numeric'...
Package biblatex Info: ... file 'numeric.cbx' found.

("C:\Users\Miriam\AppData\Local\Programs\MiKTeX 2.9\tex/latex/biblatex/cbx\nume
ric.cbx"
File: numeric.cbx 2018/11/02 v3.12 biblatex citation style (PK/MW)
Package biblatex Info: Redefining '\cite'.
Package biblatex Info: Redefining '\parencite'.
Package biblatex Info: Redefining '\footcite'.
Package biblatex Info: Redefining '\footcitetext'.
Package biblatex Info: Redefining '\smartcite'.
Package biblatex Info: Redefining '\supercite'.
Package biblatex Info: Redefining '\textcite'.
Package biblatex Info: Redefining '\textcites'.
Package biblatex Info: Redefining '\cites'.
Package biblatex Info: Redefining '\parencites'.
Package biblatex Info: Redefining '\smartcites'.
)
Package biblatex Info: Trying to load configuration file...
Package biblatex Info: ... file 'biblatex.cfg' found.

("C:\Users\Miriam\AppData\Local\Programs\MiKTeX 2.9\tex/latex/biblatex\biblatex
.cfg"
File: biblatex.cfg 
))
("C:\Users\Miriam\AppData\Local\Programs\MiKTeX 2.9\tex/latex/csquotes\csquotes
.sty"
Package: csquotes 2018/04/13 v5.2d context-sensitive quotations (JAW)
\csq@reset=\count362
\csq@gtype=\count363
\csq@glevel=\count364
\csq@qlevel=\count365
\csq@maxlvl=\count366
\csq@tshold=\count367
\csq@ltx@everypar=\toks48

("C:\Users\Miriam\AppData\Local\Programs\MiKTeX 2.9\tex/latex/csquotes\csquotes
.def"
File: csquotes.def 2018/04/13 v5.2d csquotes generic definitions (JAW)
)
Package csquotes Info: Trying to load configuration file 'csquotes.cfg'...
Package csquotes Info: ... configuration file loaded successfully.

("C:\Users\Miriam\AppData\Local\Programs\MiKTeX 2.9\tex/latex/csquotes\csquotes
.cfg"
File: csquotes.cfg 
))
("C:\Users\Miriam\AppData\Local\Programs\MiKTeX 2.9\tex/latex/tools\afterpage.s
ty"
Package: afterpage 2014/10/28 v1.08 After-Page Package (DPC)
\AP@output=\toks49
\AP@partial=\box48
\AP@footins=\box49
)
("C:\Users\Miriam\AppData\Local\Programs\MiKTeX 2.9\tex/latex/geometry\geometry
.sty"
Package: geometry 2018/04/16 v5.8 Page Geometry
\Gm@cnth=\count368
\Gm@cntv=\count369
\c@Gm@tempcnt=\count370
\Gm@bindingoffset=\dimen160
\Gm@wd@mp=\dimen161
\Gm@odd@mp=\dimen162
\Gm@even@mp=\dimen163
\Gm@layoutwidth=\dimen164
\Gm@layoutheight=\dimen165
\Gm@layouthoffset=\dimen166
\Gm@layoutvoffset=\dimen167
\Gm@dimlist=\toks50

("C:\Users\Miriam\AppData\Local\Programs\MiKTeX 2.9\tex/latex/geometry\geometry
.cfg"))
Package hyperref Info: Option `pageanchor' set `true' on input line 76.
Package hyperref Info: Option `colorlinks' set `true' on input line 76.

("C:\Users\Miriam\AppData\Local\Programs\MiKTeX 2.9\tex/latex/amsfonts\amssymb.
sty"
Package: amssymb 2013/01/14 v3.01 AMS font symbols

("C:\Users\Miriam\AppData\Local\Programs\MiKTeX 2.9\tex/latex/amsfonts\amsfonts
.sty"
Package: amsfonts 2013/01/14 v3.01 Basic AMSFonts support
\symAMSa=\mathgroup6
\symAMSb=\mathgroup7
LaTeX Font Info:    Overwriting math alphabet `\mathfrak' in version `bold'
(Font)                  U/euf/m/n --> U/euf/b/n on input line 106.
))
   defining Unicode char U+20AC (decimal 8364)
\salto=\skip107
\resalto=\skip108
)
\glswrite=\write5
\glo@main@file=\write6
\openout6 = `main.glo'.

Package glossaries Info: Writing glossary file main.glo on input line 29.
\glo@acronym@file=\write7
\openout7 = `main.acn'.

Package glossaries Info: Writing glossary file main.acn on input line 29.
 (src/glosario.tex)
Package biblatex Info: Trying to load language 'spanish'...
Package biblatex Info: ... file 'spanish.lbx' found.

("C:\Users\Miriam\AppData\Local\Programs\MiKTeX 2.9\tex/latex/biblatex/lbx\span
ish.lbx"
File: spanish.lbx 2018/11/02 v3.12 biblatex localization (PK/MW)
)
Package csquotes Info: Checking for multilingual support...
Package csquotes Info: ... found 'babel' package.
Package csquotes Info: Adjusting default style.
Package csquotes Info: Redefining alias 'default' -> 'spanish'.
 (main.aux (portada.aux)
LaTeX Info: Redefining \sptext on input line 36.
LaTeX Info: Redefining \. on input line 36.
LaTeX Info: Redefining \% on input line 36.
LaTeX Info: Redefining \sptext on input line 37.
LaTeX Info: Redefining \. on input line 37.
LaTeX Info: Redefining \% on input line 37.
 (src/agradecimientos.aux) (src/resumen.aux)
(src/introduccion.aux) (src/estadoDelArte.aux) (src/solucionFBG.aux)
(src/solucionIMU.aux) (src/conclusiones.aux))
\openout1 = `main.aux'.

LaTeX Font Info:    Checking defaults for OML/cmm/m/it on input line 36.
LaTeX Font Info:    ... okay on input line 36.
LaTeX Font Info:    Checking defaults for T1/cmr/m/n on input line 36.
LaTeX Font Info:    ... okay on input line 36.
LaTeX Font Info:    Checking defaults for OT1/cmr/m/n on input line 36.
LaTeX Font Info:    ... okay on input line 36.
LaTeX Font Info:    Checking defaults for OMS/pzccm/m/n on input line 36.
LaTeX Font Info:    Try loading font information for OMS+pzccm on input line 36
.

("C:\Users\Miriam\AppData\Local\Programs\MiKTeX 2.9\tex/latex/psnfss\omspzccm.f
d"
File: omspzccm.fd 2000/01/03 Fontinst v1.801 font definitions for OMS/pzccm.
)
LaTeX Font Info:    ... okay on input line 36.
LaTeX Font Info:    Checking defaults for OMX/cmex/m/n on input line 36.
LaTeX Font Info:    ... okay on input line 36.
LaTeX Font Info:    Checking defaults for U/cmr/m/n on input line 36.
LaTeX Font Info:    ... okay on input line 36.
LaTeX Font Info:    Checking defaults for PD1/pdf/m/n on input line 36.
LaTeX Font Info:    ... okay on input line 36.
LaTeX Info: Redefining \sptext on input line 36.
LaTeX Info: Redefining \. on input line 36.
LaTeX Info: Redefining \% on input line 36.
\c@lstlisting=\count371

("C:\Users\Miriam\AppData\Local\Programs\MiKTeX 2.9\tex/context/base\supp-pdf.m
kii"
[Loading MPS to PDF converter (version 2006.09.02).]
\scratchcounter=\count372
\scratchdimen=\dimen168
\scratchbox=\box50
\nofMPsegments=\count373
\nofMParguments=\count374
\everyMPshowfont=\toks51
\MPscratchCnt=\count375
\MPscratchDim=\dimen169
\MPnumerator=\count376
\makeMPintoPDFobject=\count377
\everyMPtoPDFconversion=\toks52
)
("C:\Users\Miriam\AppData\Local\Programs\MiKTeX 2.9\tex/latex/oberdiek\epstopdf
-base.sty"
Package: epstopdf-base 2016/05/15 v2.6 Base part for package epstopdf

("C:\Users\Miriam\AppData\Local\Programs\MiKTeX 2.9\tex/latex/oberdiek\grfext.s
ty"
Package: grfext 2016/05/16 v1.2 Manage graphics extensions (HO)
)
Package epstopdf-base Info: Redefining graphics rule for `.eps' on input line 4
38.
Package grfext Info: Graphics extension search list:
(grfext)             [.pdf,.jpeg,.jpg,.png,.eps]
(grfext)             \AppendGraphicsExtensions on input line 456.
)
Package caption Info: Begin \AtBeginDocument code.
Package caption Info: subfig package v1.3 is loaded.
Package caption Info: End \AtBeginDocument code.
\AtBeginShipoutBox=\box51

("C:\Users\Miriam\AppData\Local\Programs\MiKTeX 2.9\tex/latex/oberdiek\pdflscap
e.sty"
Package: pdflscape 2016/05/14 v0.11 Display of landscape pages in PDF (HO)

("C:\Users\Miriam\AppData\Local\Programs\MiKTeX 2.9\tex/latex/graphics\lscape.s
ty"
Package: lscape 2000/10/22 v3.01 Landscape Pages (DPC)
)
Package pdflscape Info: Auto-detected driver: pdftex on input line 81.
)
Package hyperref Info: Link coloring ON on input line 36.

("C:\Users\Miriam\AppData\Local\Programs\MiKTeX 2.9\tex/latex/hyperref\nameref.
sty"
Package: nameref 2016/05/21 v2.44 Cross-referencing by name of section

("C:\Users\Miriam\AppData\Local\Programs\MiKTeX 2.9\tex/generic/oberdiek\gettit
lestring.sty"
Package: gettitlestring 2016/05/16 v1.5 Cleanup title references (HO)
)
\c@section@level=\count378
)
LaTeX Info: Redefining \ref on input line 36.
LaTeX Info: Redefining \pageref on input line 36.
LaTeX Info: Redefining \nameref on input line 36.
Package biblatex Info: Input encoding 'utf8' detected.
Package biblatex Info: Data encoding 'ascii' specified.
(biblatex)             No need to reencode data.
Package biblatex Info: Input encoding 'utf8' specified.
Package biblatex Info: Data encoding 'ascii' specified.
(biblatex)             No need to reencode data.
\openout4 = `main-blx.bib'.

Package biblatex Info: Trying to load bibliographic data...
Package biblatex Info: ... file 'main.bbl' found.
 (main.bbl

Package biblatex Warning: BibTeX reported the following issues
(biblatex)                with 'SilviaTFM':
(biblatex)                - Invalid format of field 'month'.


Package biblatex Warning: BibTeX reported the following issues
(biblatex)                with 'LabVIEWpage':
(biblatex)                - Invalid format of field 'date' 
(biblatex)                - Invalid format of field 'date'.

)
Package biblatex Info: Reference section=0 on input line 36.
Package biblatex Info: Reference segment=0 on input line 36.

*geometry* driver: auto-detecting
*geometry* detected driver: pdftex
*geometry* verbose mode - [ preamble ] result:
* driver: pdftex
* paper: a4paper
* layout: <same size as paper>
* layoutoffset:(h,v)=(0.0pt,0.0pt)
* hratio: 1:1
* vratio: 1:1
* modes: includehead includefoot twoside 
* h-part:(L,W,R)=(72.2698pt, 452.96826pt, 72.2698pt)
* v-part:(T,H,B)=(72.2698pt, 700.50723pt, 72.2698pt)
* \paperwidth=597.50787pt
* \paperheight=845.04684pt
* \textwidth=452.96826pt
* \textheight=638.63344pt
* \oddsidemargin=-0.00018pt
* \evensidemargin=-0.00018pt
* \topmargin=-0.00018pt
* \headheight=12.0pt
* \headsep=19.8738pt
* \topskip=12.0pt
* \footskip=30.0pt
* \marginparwidth=88.0pt
* \marginparsep=7.0pt
* \columnsep=10.0pt
* \skip\footins=10.8pt plus 4.0pt minus 2.0pt
* \hoffset=0.0pt
* \voffset=0.0pt
* \mag=1000
* \@twocolumnfalse
* \@twosidetrue
* \@mparswitchtrue
* \@reversemarginfalse
* (1in=72.27pt=25.4mm, 1cm=28.453pt)

LaTeX Info: Redefining \sptext on input line 39.
LaTeX Info: Redefining \. on input line 39.
LaTeX Info: Redefining \% on input line 39.
\openout2 = `portada.aux'.

(portada.tex

pdfTeX warning: pdflatex.exe (file ./cover.pdf): PDF inclusion: found PDF versi
on <1.7>, but at most version <1.5> allowed
<cover.pdf, id=3, 597.55246pt x 845.07724pt>
File: cover.pdf Graphic file (type pdf)
<use cover.pdf>
Package pdftex.def Info: cover.pdf  used on input line 5.
(pdftex.def)             Requested size: 597.551pt x 845.07518pt.


pdfTeX warning: pdflatex.exe (file ./cover.pdf): PDF inclusion: found PDF versi
on <1.7>, but at most version <1.5> allowed
File: cover.pdf Graphic file (type pdf)
<use cover.pdf>
Package pdftex.def Info: cover.pdf  used on input line 5.
(pdftex.def)             Requested size: 597.551pt x 845.07518pt.


pdfTeX warning: pdflatex.exe (file ./cover.pdf): PDF inclusion: found PDF versi
on <1.7>, but at most version <1.5> allowed


pdfTeX warning: pdflatex.exe (file ./cover.pdf): PDF inclusion: found PDF versi
on <1.7>, but at most version <1.5> allowed
<cover.pdf, id=6, page=1, 597.55246pt x 845.07724pt>
File: cover.pdf Graphic file (type pdf)
<use cover.pdf, page 1>
Package pdftex.def Info: cover.pdf , page1 used on input line 5.
(pdftex.def)             Requested size: 597.551pt x 845.07518pt.
File: cover.pdf Graphic file (type pdf)
<use cover.pdf, page 1>
Package pdftex.def Info: cover.pdf , page1 used on input line 5.
(pdftex.def)             Requested size: 597.57834pt x 845.11386pt.
File: cover.pdf Graphic file (type pdf)
<use cover.pdf, page 1>
Package pdftex.def Info: cover.pdf , page1 used on input line 5.
(pdftex.def)             Requested size: 597.57834pt x 845.11386pt.
File: cover.pdf Graphic file (type pdf)
<use cover.pdf, page 1>
Package pdftex.def Info: cover.pdf , page1 used on input line 5.
(pdftex.def)             Requested size: 597.57834pt x 845.11386pt.
File: cover.pdf Graphic file (type pdf)
<use cover.pdf, page 1>
Package pdftex.def Info: cover.pdf , page1 used on input line 5.
(pdftex.def)             Requested size: 597.57834pt x 845.11386pt.
[1



\openout5 = `main.ist'.


 <./cover.pdf>]
LaTeX Font Info:    Font shape `T1/ptm/bx/n' in size <12> not available
(Font)              Font shape `T1/ptm/b/n' tried instead on input line 20.
LaTeX Font Info:    Font shape `T1/ptm/bx/n' in size <14.4> not available
(Font)              Font shape `T1/ptm/b/n' tried instead on input line 20.
<escudo.jpg, id=23, 227.85126pt x 196.735pt>
File: escudo.jpg Graphic file (type jpg)
<use escudo.jpg>
Package pdftex.def Info: escudo.jpg  used on input line 24.
(pdftex.def)             Requested size: 227.8507pt x 196.7345pt.
 [1{C:/Users/Miriam/AppData/Local/MiKTeX/2.9/pdftex/config/pdftex.map} <./escud
o.jpg>])
Package hyperref Info: Option `pageanchor' set `true' on input line 46.
\openout2 = `src/agradecimientos.aux'.

 (src/agradecimientos.texpdfTeX warning (ext4): destination with the same ident
ifier (name{page.}) has been already used, duplicate ignored
<to be read again> 
                   \relax 
l.2 \chapter
            *{} [0




]
LaTeX Font Info:    Try loading font information for T1+pbk on input line 2.

("C:\Users\Miriam\AppData\Local\Programs\MiKTeX 2.9\tex/latex/psnfss\t1pbk.fd"
File: t1pbk.fd 2001/06/04 font definitions for T1/pbk.
)
LaTeX Font Info:    Font shape `T1/pbk/b/n' in size <24.88> not available
(Font)              Font shape `T1/pbk/db/n' tried instead on input line 2.
LaTeX Font Info:    Font shape `T1/pbk/b/n' in size <100> not available
(Font)              Font shape `T1/pbk/db/n' tried instead on input line 2.
[1] [2

]) [3]
\openout2 = `src/resumen.aux'.

 (src/resumen.tex [4



]
LaTeX Font Info:    Font shape `T1/ptm/bx/it' in size <12> not available
(Font)              Font shape `T1/ptm/b/it' tried instead on input line 4.
 [5] [6

]) [7] [8


] (main.toc
LaTeX Info: Redefining \sptext on input line 2.
LaTeX Info: Redefining \. on input line 2.
LaTeX Info: Redefining \% on input line 2.
LaTeX Info: Redefining \sptext on input line 3.
LaTeX Info: Redefining \. on input line 3.
LaTeX Info: Redefining \% on input line 3.
LaTeX Font Info:    Try loading font information for OT1+ptmcm on input line 7.


("C:\Users\Miriam\AppData\Local\Programs\MiKTeX 2.9\tex/latex/psnfss\ot1ptmcm.f
d"
File: ot1ptmcm.fd 2000/01/03 Fontinst v1.801 font definitions for OT1/ptmcm.
)
LaTeX Font Info:    Try loading font information for OML+ptmcm on input line 7.


("C:\Users\Miriam\AppData\Local\Programs\MiKTeX 2.9\tex/latex/psnfss\omlptmcm.f
d"
File: omlptmcm.fd 2000/01/03 Fontinst v1.801 font definitions for OML/ptmcm.
)
LaTeX Font Info:    Try loading font information for OMX+psycm on input line 7.


("C:\Users\Miriam\AppData\Local\Programs\MiKTeX 2.9\tex/latex/psnfss\omxpsycm.f
d"
File: omxpsycm.fd 2000/01/03 Fontinst v1.801 font definitions for OMX/psycm.
)
LaTeX Font Info:    Font shape `OT1/ptm/bx/n' in size <12> not available
(Font)              Font shape `OT1/ptm/b/n' tried instead on input line 7.
LaTeX Font Info:    Font shape `OT1/ptm/bx/n' in size <9> not available
(Font)              Font shape `OT1/ptm/b/n' tried instead on input line 7.
LaTeX Font Info:    Font shape `OT1/ptm/bx/n' in size <7> not available
(Font)              Font shape `OT1/ptm/b/n' tried instead on input line 7.
LaTeX Font Info:    Try loading font information for U+msa on input line 7.

("C:\Users\Miriam\AppData\Local\Programs\MiKTeX 2.9\tex/latex/amsfonts\umsa.fd"
File: umsa.fd 2013/01/14 v3.01 AMS symbols A
)
LaTeX Font Info:    Try loading font information for U+msb on input line 7.
 ("C:\Users\Miriam\AppData\Local\Programs\MiKTeX 2.9\tex/latex/amsfonts\umsb.fd
"
File: umsb.fd 2013/01/14 v3.01 AMS symbols B
) [9])
\tf@toc=\write8
\openout8 = `main.toc'.

LaTeX Info: Redefining \sptext on input line 81.
LaTeX Info: Redefining \. on input line 81.
LaTeX Info: Redefining \% on input line 81.


Package Fancyhdr Warning: \headheight is too small (12.0pt): 
Make it at least 15.13202pt.
We now make it that large for the rest of the document.
This may cause the page layout to be inconsistent, however.

[10]pdfTeX warning (ext4): destination with the same identifier (name{page.X}) 
has been already used, duplicate ignored
<to be read again> 
                   \relax 
l.81 \listoftables
                   [10

] (main.lot
LaTeX Info: Redefining \sptext on input line 2.
LaTeX Info: Redefining \. on input line 2.
LaTeX Info: Redefining \% on input line 2.
LaTeX Info: Redefining \sptext on input line 3.
LaTeX Info: Redefining \. on input line 3.
LaTeX Info: Redefining \% on input line 3.
)
\tf@lot=\write9
\openout9 = `main.lot'.

 [11] [12

] (main.lof
LaTeX Info: Redefining \sptext on input line 2.
LaTeX Info: Redefining \. on input line 2.
LaTeX Info: Redefining \% on input line 2.
LaTeX Info: Redefining \sptext on input line 3.
LaTeX Info: Redefining \. on input line 3.
LaTeX Info: Redefining \% on input line 3.

Underfull \vbox (badness 10000) has occurred while \output is active []

 [13]
Underfull \vbox (badness 1701) has occurred while \output is active []

LaTeX Info: Redefining \sptext on input line 103.
LaTeX Info: Redefining \. on input line 103.
LaTeX Info: Redefining \% on input line 103.
 [14])
\tf@lof=\write10
\openout10 = `main.lof'.

LaTeX Info: Redefining \sptext on input line 101.
LaTeX Info: Redefining \. on input line 101.
LaTeX Info: Redefining \% on input line 101.

[1]
\openout2 = `src/introduccion.aux'.

 (src/introduccion.tex [2


]
Cap\'{\i }tulo 1.

Underfull \vbox (badness 10000) has occurred while \output is active []

 [3]
LaTeX Font Info:    Font shape `T1/ptm/bx/n' in size <17.28> not available
(Font)              Font shape `T1/ptm/b/n' tried instead on input line 22.

Underfull \vbox (badness 10000) has occurred while \output is active []

LaTeX Info: Redefining \sptext on input line 30.
LaTeX Info: Redefining \. on input line 30.
LaTeX Info: Redefining \% on input line 30.
 [4]
LaTeX Info: Redefining \sptext on input line 58.
LaTeX Info: Redefining \. on input line 58.
LaTeX Info: Redefining \% on input line 58.

[5])
LaTeX Info: Redefining \sptext on input line 101.
LaTeX Info: Redefining \. on input line 101.
LaTeX Info: Redefining \% on input line 101.
 [6]
\openout2 = `src/estadoDelArte.aux'.

 (src/estadoDelArte.tex
Cap\'{\i }tulo 2.
[7



]
Underfull \vbox (badness 10000) has occurred while \output is active []

LaTeX Info: Redefining \sptext on input line 34.
LaTeX Info: Redefining \. on input line 34.
LaTeX Info: Redefining \% on input line 34.
 [8]
LaTeX Info: Redefining \sptext on input line 58.
LaTeX Info: Redefining \. on input line 58.
LaTeX Info: Redefining \% on input line 58.

[9]
<./img/anatomiaMano.jpg, id=424, 298.11375pt x 267.399pt>
File: ./img/anatomiaMano.jpg Graphic file (type jpg)
<use ./img/anatomiaMano.jpg>
Package pdftex.def Info: ./img/anatomiaMano.jpg  used on input line 70.
(pdftex.def)             Requested size: 226.48413pt x 203.14783pt.

Underfull \vbox (badness 10000) has occurred while \output is active []

LaTeX Info: Redefining \sptext on input line 74.
LaTeX Info: Redefining \. on input line 74.
LaTeX Info: Redefining \% on input line 74.
 [10]
Underfull \hbox (badness 1748) in paragraph at lines 78--81
[]\T1/ptm/m/n/12 Existen muchos tipos de tcnicas de tratamiento para fomentar 
el trabajo de las
 []


Underfull \vbox (badness 10000) has occurred while \output is active []

LaTeX Info: Redefining \sptext on input line 86.
LaTeX Info: Redefining \. on input line 86.
LaTeX Info: Redefining \% on input line 86.
 [11 <./img/anatomiaMano.jpg>]
<./img/ejerciciosRehManp.jpg, id=436, 701.019pt x 400.49625pt>
File: ./img/ejerciciosRehManp.jpg Graphic file (type jpg)
<use ./img/ejerciciosRehManp.jpg>
Package pdftex.def Info: ./img/ejerciciosRehManp.jpg  used on input line 89.
(pdftex.def)             Requested size: 385.02577pt x 219.96806pt.
LaTeX Info: Redefining \sptext on input line 103.
LaTeX Info: Redefining \. on input line 103.
LaTeX Info: Redefining \% on input line 103.
 [12 <./img/ejerciciosRehManp.jpg>]
<./img/cgs.jpg, id=444, 803.0pt x 500.87125pt>
File: ./img/cgs.jpg Graphic file (type jpg)
<use ./img/cgs.jpg>
Package pdftex.def Info: ./img/cgs.jpg  used on input line 106.
(pdftex.def)             Requested size: 226.48413pt x 141.2671pt.
<./img/rapael.jpg, id=446, 276.03125pt x 183.68625pt>
File: ./img/rapael.jpg Graphic file (type jpg)
<use ./img/rapael.jpg>
Package pdftex.def Info: ./img/rapael.jpg  used on input line 117.
(pdftex.def)             Requested size: 226.48413pt x 150.72177pt.

Underfull \vbox (badness 10000) has occurred while \output is active []

LaTeX Info: Redefining \sptext on input line 121.
LaTeX Info: Redefining \. on input line 121.
LaTeX Info: Redefining \% on input line 121.
 [13 <./img/cgs.jpg>])
LaTeX Info: Redefining \sptext on input line 105.
LaTeX Info: Redefining \. on input line 105.
LaTeX Info: Redefining \% on input line 105.
 [14 <./img/rapael.jpg>]
\openout2 = `src/solucionFBG.aux'.

 (src/solucionFBG.tex
Cap\'{\i }tulo 3.

Underfull \vbox (badness 10000) has occurred while \output is active []

 [15



]
<./img/espectrooptico.png, id=462, 983.17313pt x 316.93407pt>
File: ./img/espectrooptico.png Graphic file (type png)
<use ./img/espectrooptico.png>
Package pdftex.def Info: ./img/espectrooptico.png  used on input line 31.
(pdftex.def)             Requested size: 430.31847pt x 138.71634pt.
LaTeX Font Info:    Font shape `T1/ptm/bx/n' in size <9> not available
(Font)              Font shape `T1/ptm/b/n' tried instead on input line 43.

Underfull \vbox (badness 10000) has occurred while \output is active []

LaTeX Info: Redefining \sptext on input line 48.
LaTeX Info: Redefining \. on input line 48.
LaTeX Info: Redefining \% on input line 48.
 [16 <./img/espectrooptico.png>]
<./img/ventana.png, id=469, 302.93175pt x 334.851pt>
File: ./img/ventana.png Graphic file (type png)
<use ./img/ventana.png>
Package pdftex.def Info: ./img/ventana.png  used on input line 51.
(pdftex.def)             Requested size: 226.48413pt x 250.35077pt.
<./img/perdidasFrec.jpg, id=473, 425.33907pt x 242.40562pt>
File: ./img/perdidasFrec.jpg Graphic file (type jpg)
<use ./img/perdidasFrec.jpg>
Package pdftex.def Info: ./img/perdidasFrec.jpg  used on input line 59.
(pdftex.def)             Requested size: 362.37598pt x 206.53398pt.

Underfull \vbox (badness 10000) has occurred while \output is active []

LaTeX Info: Redefining \sptext on input line 63.
LaTeX Info: Redefining \. on input line 63.
LaTeX Info: Redefining \% on input line 63.
 [17 <./img/ventana.png>]
<./img/capas-fibra2.jpg, id=481, 814.242pt x 272.81924pt>
File: ./img/capas-fibra2.jpg Graphic file (type jpg)
<use ./img/capas-fibra2.jpg>
Package pdftex.def Info: ./img/capas-fibra2.jpg  used on input line 69.
(pdftex.def)             Requested size: 394.08017pt x 132.04242pt.
LaTeX Info: Redefining \sptext on input line 79.
LaTeX Info: Redefining \. on input line 79.
LaTeX Info: Redefining \% on input line 79.
 [18 <./img/perdidasFrec.jpg> <./img/capas-fibra2.jpg>]
<./img/MM-SM.jpg, id=491, 551.05875pt x 266.1945pt>
File: ./img/MM-SM.jpg Graphic file (type jpg)
<use ./img/MM-SM.jpg>
Package pdftex.def Info: ./img/MM-SM.jpg  used on input line 86.
(pdftex.def)             Requested size: 271.7837pt x 131.29347pt.
LaTeX Info: Redefining \sptext on input line 92.
LaTeX Info: Redefining \. on input line 92.
LaTeX Info: Redefining \% on input line 92.
 [19 <./img/MM-SM.jpg>]
<./img/guiaMM.jpg, id=504, 567.3195pt x 209.583pt>
File: ./img/guiaMM.jpg Graphic file (type jpg)
<use ./img/guiaMM.jpg>
Package pdftex.def Info: ./img/guiaMM.jpg  used on input line 95.
(pdftex.def)             Requested size: 317.0764pt x 117.1354pt.
<./img/guiaSM.jpg, id=506, 569.7285pt x 154.77824pt>
File: ./img/guiaSM.jpg Graphic file (type jpg)
<use ./img/guiaSM.jpg>
Package pdftex.def Info: ./img/guiaSM.jpg  used on input line 101.
(pdftex.def)             Requested size: 317.0764pt x 86.1391pt.
<./img/transFO-esc-grad.png, id=508, 361.95226pt x 319.79475pt>
File: ./img/transFO-esc-grad.png Graphic file (type png)
<use ./img/transFO-esc-grad.png>
Package pdftex.def Info: ./img/transFO-esc-grad.png  used on input line 111.
(pdftex.def)             Requested size: 226.48413pt x 200.11032pt.

Underfull \vbox (badness 10000) has occurred while \output is active []

LaTeX Info: Redefining \sptext on input line 115.
LaTeX Info: Redefining \. on input line 115.
LaTeX Info: Redefining \% on input line 115.
 [20 <./img/guiaMM.jpg> <./img/guiaSM.jpg>]
<./img/tiposFO.jpg, id=517, 522.15076pt x 155.3805pt>
File: ./img/tiposFO.jpg Graphic file (type jpg)
<use ./img/tiposFO.jpg>
Package pdftex.def Info: ./img/tiposFO.jpg  used on input line 121.
(pdftex.def)             Requested size: 317.0764pt x 94.35756pt.
LaTeX Info: Redefining \sptext on input line 129.
LaTeX Info: Redefining \. on input line 129.
LaTeX Info: Redefining \% on input line 129.
 [21 <./img/transFO-esc-grad.png> <./img/tiposFO.jpg>]
<./img/TIR.jpg, id=524, 514.92375pt x 270.41025pt>
File: ./img/TIR.jpg Graphic file (type jpg)
<use ./img/TIR.jpg>
Package pdftex.def Info: ./img/TIR.jpg  used on input line 132.
(pdftex.def)             Requested size: 298.96071pt x 156.99896pt.
<./img/TxFOp2p.jpg, id=528, 513.117pt x 148.1535pt>
File: ./img/TxFOp2p.jpg Graphic file (type jpg)
<use ./img/TxFOp2p.jpg>
Package pdftex.def Info: ./img/TxFOp2p.jpg  used on input line 156.
(pdftex.def)             Requested size: 452.96826pt x 130.79143pt.

Underfull \vbox (badness 10000) has occurred while \output is active []

LaTeX Info: Redefining \sptext on input line 160.
LaTeX Info: Redefining \. on input line 160.
LaTeX Info: Redefining \% on input line 160.
 [22 <./img/TIR.jpg>]
LaTeX Info: Redefining \sptext on input line 169.
LaTeX Info: Redefining \. on input line 169.
LaTeX Info: Redefining \% on input line 169.
 [23 <./img/TxFOp2p.jpg>]
<./img/led-laser.jpg, id=544, 401.5pt x 243.91125pt>
File: ./img/led-laser.jpg Graphic file (type jpg)
<use ./img/led-laser.jpg>
Package pdftex.def Info: ./img/led-laser.jpg  used on input line 172.
(pdftex.def)             Requested size: 158.54164pt x 96.31596pt.
<./img/led-laserEMISION.jpg, id=546, 401.5pt x 306.14375pt>
File: ./img/led-laserEMISION.jpg Graphic file (type jpg)
<use ./img/led-laserEMISION.jpg>
Package pdftex.def Info: ./img/led-laserEMISION.jpg  used on input line 178.
(pdftex.def)             Requested size: 249.13391pt x 189.97064pt.
LaTeX Font Info:    Font shape `OMS/ptm/m/n' in size <12> not available
(Font)              Font shape `OMS/pzccm/m/n' tried instead on input line 184.

LaTeX Info: Redefining \sptext on input line 192.
LaTeX Info: Redefining \. on input line 192.
LaTeX Info: Redefining \% on input line 192.
 [24 <./img/led-laser.jpg> <./img/led-laserEMISION.jpg>]
Underfull \hbox (badness 1859) in paragraph at lines 207--208
[]\T1/ptm/m/n/12 La tabla [][]3.1[][] compara las caractersticas de las difere
ntes fuentes mencionadas,
 []


Overfull \hbox (14.79532pt too wide) in paragraph at lines 211--227
[][] 
 []

LaTeX Info: Redefining \sptext on input line 239.
LaTeX Info: Redefining \. on input line 239.
LaTeX Info: Redefining \% on input line 239.
[25]
<./img/diagRX.jpg, id=565, 736.55174pt x 279.444pt>
File: ./img/diagRX.jpg Graphic file (type jpg)
<use ./img/diagRX.jpg>
Package pdftex.def Info: ./img/diagRX.jpg  used on input line 242.
(pdftex.def)             Requested size: 294.4266pt x 111.70313pt.

Underfull \hbox (badness 10000) in paragraph at lines 251--252

 []

<./img/tiposConect2.jpg, id=566, 938.90775pt x 206.57175pt>
File: ./img/tiposConect2.jpg Graphic file (type jpg)
<use ./img/tiposConect2.jpg>
Package pdftex.def Info: ./img/tiposConect2.jpg  used on input line 258.
(pdftex.def)             Requested size: 430.31847pt x 94.67741pt.
<./img/perdidasOpticas.jpg, id=569, 783.52725pt x 258.9675pt>
File: ./img/perdidasOpticas.jpg Graphic file (type jpg)
<use ./img/perdidasOpticas.jpg>
Package pdftex.def Info: ./img/perdidasOpticas.jpg  used on input line 266.
(pdftex.def)             Requested size: 385.02577pt x 127.25871pt.
LaTeX Info: Redefining \sptext on input line 271.
LaTeX Info: Redefining \. on input line 271.
LaTeX Info: Redefining \% on input line 271.
[26 <./img/diagRX.jpg> <./img/tiposConect2.jpg>]
<./img/conectoresPulido.jpg, id=577, 414.348pt x 106.59825pt>
File: ./img/conectoresPulido.jpg Graphic file (type jpg)
<use ./img/conectoresPulido.jpg>
Package pdftex.def Info: ./img/conectoresPulido.jpg  used on input line 276.
(pdftex.def)             Requested size: 249.13391pt x 64.09444pt.
<./img/tiposEmpalme.jpg, id=580, 345.08925pt x 124.66576pt>
File: ./img/tiposEmpalme.jpg Graphic file (type jpg)
<use ./img/tiposEmpalme.jpg>
Package pdftex.def Info: ./img/tiposEmpalme.jpg  used on input line 285.
(pdftex.def)             Requested size: 226.48413pt x 81.8212pt.
LaTeX Info: Redefining \sptext on input line 303.
LaTeX Info: Redefining \. on input line 303.
LaTeX Info: Redefining \% on input line 303.
 [27 <./img/perdidasOpticas.jpg> <./img/conectoresPulido.jpg> <./img/tiposEmpal
me.jpg>]
<./img/operacionFBG.jpg, id=587, 1025.0295pt x 458.31226pt>
File: ./img/operacionFBG.jpg Graphic file (type jpg)
<use ./img/operacionFBG.jpg>
Package pdftex.def Info: ./img/operacionFBG.jpg  used on input line 327.
(pdftex.def)             Requested size: 385.02577pt x 172.1534pt.

Underfull \vbox (badness 1242) has occurred while \output is active []

LaTeX Info: Redefining \sptext on input line 331.
LaTeX Info: Redefining \. on input line 331.
LaTeX Info: Redefining \% on input line 331.
 [28]
<./img/FBGmanufactur.jpg, id=596, 638.385pt x 279.444pt>
File: ./img/FBGmanufactur.jpg Graphic file (type jpg)
<use ./img/FBGmanufactur.jpg>
Package pdftex.def Info: ./img/FBGmanufactur.jpg  used on input line 336.
(pdftex.def)             Requested size: 339.7262pt x 148.7101pt.
LaTeX Info: Redefining \sptext on input line 342.
LaTeX Info: Redefining \. on input line 342.
LaTeX Info: Redefining \% on input line 342.

[29 <./img/operacionFBG.jpg> <./img/FBGmanufactur.jpg>]
Underfull \hbox (badness 10000) in paragraph at lines 343--344

 []

<./img/medicBragg.jpg, id=607, 790.152pt x 306.54526pt>
File: ./img/medicBragg.jpg Graphic file (type jpg)
<use ./img/medicBragg.jpg>
Package pdftex.def Info: ./img/medicBragg.jpg  used on input line 355.
(pdftex.def)             Requested size: 385.02577pt x 149.37589pt.

Underfull \vbox (badness 10000) has occurred while \output is active []

LaTeX Info: Redefining \sptext on input line 359.
LaTeX Info: Redefining \. on input line 359.
LaTeX Info: Redefining \% on input line 359.
 [30]
<./img/flexibleFBG.jpg, id=618, 561.297pt x 215.6055pt>
File: ./img/flexibleFBG.jpg Graphic file (type jpg)
<use ./img/flexibleFBG.jpg>
Package pdftex.def Info: ./img/flexibleFBG.jpg  used on input line 364.
(pdftex.def)             Requested size: 294.4266pt x 113.09587pt.

Underfull \vbox (badness 3590) has occurred while \output is active []

LaTeX Info: Redefining \sptext on input line 381.
LaTeX Info: Redefining \. on input line 381.
LaTeX Info: Redefining \% on input line 381.
 [31 <./img/medicBragg.jpg> <./img/flexibleFBG.jpg>]
<./img/prototipo.jpg, id=627, 1946.27126pt x 1799.72375pt>
File: ./img/prototipo.jpg Graphic file (type jpg)
<use ./img/prototipo.jpg>
Package pdftex.def Info: ./img/prototipo.jpg  used on input line 388.
(pdftex.def)             Requested size: 385.02577pt x 356.01137pt.

Underfull \vbox (badness 10000) has occurred while \output is active []

LaTeX Info: Redefining \sptext on input line 391.
LaTeX Info: Redefining \. on input line 391.
LaTeX Info: Redefining \% on input line 391.
 [32]
<./img/fibraBraggpaquete2.jpg, id=633, 1200.73593pt x 483.30562pt>
File: ./img/fibraBraggpaquete2.jpg Graphic file (type jpg)
<use ./img/fibraBraggpaquete2.jpg>
Package pdftex.def Info: ./img/fibraBraggpaquete2.jpg  used on input line 405.
(pdftex.def)             Requested size: 271.7837pt x 109.39542pt.

Underfull \vbox (badness 10000) has occurred while \output is active []

LaTeX Info: Redefining \sptext on input line 408.
LaTeX Info: Redefining \. on input line 408.
LaTeX Info: Redefining \% on input line 408.
 [33 <./img/prototipo.jpg>]
<./img/compPDMS.jpg, id=640, 386.6445pt x 115.02975pt>
File: ./img/compPDMS.jpg Graphic file (type jpg)
<use ./img/compPDMS.jpg>
Package pdftex.def Info: ./img/compPDMS.jpg  used on input line 444.
(pdftex.def)             Requested size: 203.83434pt x 60.64252pt.
LaTeX Info: Redefining \sptext on input line 448.
LaTeX Info: Redefining \. on input line 448.
LaTeX Info: Redefining \% on input line 448.
 [34 <./img/fibraBraggpaquete2.jpg>]
Underfull \hbox (badness 1092) in paragraph at lines 449--451
[]\T1/ptm/m/n/12 Su formulacin qumica es $\OT1/ptmcm/m/n/12 (\OML/ptmcm/m/it/
12 H[]C\OT1/ptmcm/m/n/12 )[]\OML/ptmcm/m/it/12 SiO\OT1/ptmcm/m/n/12 [\OML/ptmcm
/m/it/12 Si\OT1/ptmcm/m/n/12 (\OML/ptmcm/m/it/12 CH[]\OT1/ptmcm/m/n/12 )[]\OML/
ptmcm/m/it/12 O\OT1/ptmcm/m/n/12 ][]\OML/ptmcm/m/it/12 Si\OT1/ptmcm/m/n/12 (\OM
L/ptmcm/m/it/12 CH[]\OT1/ptmcm/m/n/12 )[]$ \T1/ptm/m/n/12 (figura [][]3.25[][])
, siendo
 []

<./img/liquidPDMS.png, id=649, 237.13594pt x 158.84344pt>
File: ./img/liquidPDMS.png Graphic file (type png)
<use ./img/liquidPDMS.png>
Package pdftex.def Info: ./img/liquidPDMS.png  used on input line 454.
(pdftex.def)             Requested size: 221.95692pt x 148.68025pt.
<./img/solidPDMS.jpg, id=650, 746.79pt x 497.86pt>
File: ./img/solidPDMS.jpg Graphic file (type jpg)
<use ./img/solidPDMS.jpg>
Package pdftex.def Info: ./img/solidPDMS.jpg  used on input line 455.
(pdftex.def)             Requested size: 221.95692pt x 147.96895pt.
LaTeX Info: Redefining \sptext on input line 469.
LaTeX Info: Redefining \. on input line 469.
LaTeX Info: Redefining \% on input line 469.
[35 <./img/compPDMS.jpg> <./img/liquidPDMS.png> <./img/solidPDMS.jpg>]
<./img/splitter1a8.png, id=659, 281.853pt x 46.9755pt>
File: ./img/splitter1a8.png Graphic file (type png)
<use ./img/splitter1a8.png>
Package pdftex.def Info: ./img/splitter1a8.png  used on input line 472.
(pdftex.def)             Requested size: 339.7262pt x 56.6226pt.
<./img/fuente.jpg, id=662, 450.9347pt x 301.125pt>
File: ./img/fuente.jpg Graphic file (type jpg)
<use ./img/fuente.jpg>
Package pdftex.def Info: ./img/fuente.jpg  used on input line 490.
(pdftex.def)             Requested size: 221.95692pt x 148.21878pt.
<./img/interrogador.jpg, id=663, 1027.84pt x 684.5575pt>
File: ./img/interrogador.jpg Graphic file (type jpg)
<use ./img/interrogador.jpg>
Package pdftex.def Info: ./img/interrogador.jpg  used on input line 491.
(pdftex.def)             Requested size: 221.95692pt x 147.8246pt.
LaTeX Info: Redefining \sptext on input line 496.
LaTeX Info: Redefining \. on input line 496.
LaTeX Info: Redefining \% on input line 496.
 [36 <./img/splitter1a8.png>]
<./img/molde.jpg, id=673, 2743.24875pt x 1854.93pt>
File: ./img/molde.jpg Graphic file (type jpg)
<use ./img/molde.jpg>
Package pdftex.def Info: ./img/molde.jpg  used on input line 526.
(pdftex.def)             Requested size: 271.7837pt x 183.74902pt.

Underfull \vbox (badness 4726) has occurred while \output is active []

LaTeX Info: Redefining \sptext on input line 529.
LaTeX Info: Redefining \. on input line 529.
LaTeX Info: Redefining \% on input line 529.
 [37 <./img/fuente.jpg> <./img/interrogador.jpg>]
<./img/ordenCaja.png, id=681, 793.7655pt x 187.29974pt>
File: ./img/ordenCaja.png Graphic file (type png)
<use ./img/ordenCaja.png>
Package pdftex.def Info: ./img/ordenCaja.png  used on input line 537.
(pdftex.def)             Requested size: 452.96826pt x 106.88484pt.
<./img/caja.png, id=682, 971.42924pt x 484.81125pt>
File: ./img/caja.png Graphic file (type png)
<use ./img/caja.png>
Package pdftex.def Info: ./img/caja.png  used on input line 546.
(pdftex.def)             Requested size: 362.37598pt x 180.84947pt.

Underfull \vbox (badness 8170) has occurred while \output is active []

LaTeX Info: Redefining \sptext on input line 549.
LaTeX Info: Redefining \. on input line 549.
LaTeX Info: Redefining \% on input line 549.
 [38 <./img/molde.jpg> <./img/ordenCaja.png>]
<./img/hephestos.jpg, id=691, 501.875pt x 501.875pt>
File: ./img/hephestos.jpg Graphic file (type jpg)
<use ./img/hephestos.jpg>
Package pdftex.def Info: ./img/hephestos.jpg  used on input line 557.
(pdftex.def)             Requested size: 221.95692pt x 221.95906pt.
<./img/witbox.jpg, id=692, 514.92375pt x 386.19281pt>
File: ./img/witbox.jpg Graphic file (type jpg)
<use ./img/witbox.jpg>
Package pdftex.def Info: ./img/witbox.jpg  used on input line 558.
(pdftex.def)             Requested size: 221.95692pt x 166.46626pt.

Underfull \vbox (badness 10000) has occurred while \output is active []

LaTeX Info: Redefining \sptext on input line 563.
LaTeX Info: Redefining \. on input line 563.
LaTeX Info: Redefining \% on input line 563.
 [39 <./img/caja.png>]

LaTeX Warning: Command \textregistered invalid in math mode on input line 571.


LaTeX Warning: Command \textcircled invalid in math mode on input line 571.


LaTeX Warning: Command \textcircled invalid in math mode on input line 571.

<./img/PDMS.png, id=701, 632.3625pt x 400.49625pt>
File: ./img/PDMS.png Graphic file (type png)
<use ./img/PDMS.png>
Package pdftex.def Info: ./img/PDMS.png  used on input line 575.
(pdftex.def)             Requested size: 226.48413pt x 143.43909pt.
LaTeX Info: Redefining \sptext on input line 586.
LaTeX Info: Redefining \. on input line 586.
LaTeX Info: Redefining \% on input line 586.
[40 <./img/hephestos.jpg> <./img/witbox.jpg> <./img/PDMS.png>]
<./img/fabricacionGuante.png, id=708, 1079.83424pt x 270.41025pt>
File: ./img/fabricacionGuante.png Graphic file (type png)
<use ./img/fabricacionGuante.png>
Package pdftex.def Info: ./img/fabricacionGuante.png  used on input line 595.
(pdftex.def)             Requested size: 452.96826pt x 113.43123pt.
<./img/diagramaMano2.png, id=709, 730.52925pt x 451.08525pt>
File: ./img/diagramaMano2.png Graphic file (type png)
<use ./img/diagramaMano2.png>
Package pdftex.def Info: ./img/diagramaMano2.png  used on input line 609.
(pdftex.def)             Requested size: 294.4266pt x 181.8075pt.
LaTeX Info: Redefining \sptext on input line 612.
LaTeX Info: Redefining \. on input line 612.
LaTeX Info: Redefining \% on input line 612.
 [41 <./img/fabricacionGuante.png>]
LaTeX Info: Redefining \sptext on input line 622.
LaTeX Info: Redefining \. on input line 622.
LaTeX Info: Redefining \% on input line 622.
 [42 <./img/diagramaMano2.png>]
<./img/fabricacionGuante2.png, id=724, 864.22874pt x 277.035pt>
File: ./img/fabricacionGuante2.png Graphic file (type png)
<use ./img/fabricacionGuante2.png>
Package pdftex.def Info: ./img/fabricacionGuante2.png  used on input line 628.
(pdftex.def)             Requested size: 339.7262pt x 108.90134pt.
<./img/diagramaFBG.png, id=726, 832.3095pt x 501.67426pt>
File: ./img/diagramaFBG.png Graphic file (type png)
<use ./img/diagramaFBG.png>
Package pdftex.def Info: ./img/diagramaFBG.png  used on input line 653.
(pdftex.def)             Requested size: 452.96826pt x 273.02812pt.

Underfull \vbox (badness 2261) has occurred while \output is active []

LaTeX Info: Redefining \sptext on input line 656.
LaTeX Info: Redefining \. on input line 656.
LaTeX Info: Redefining \% on input line 656.
 [43 <./img/fabricacionGuante2.png>]
LaTeX Info: Redefining \sptext on input line 663.
LaTeX Info: Redefining \. on input line 663.
LaTeX Info: Redefining \% on input line 663.
 [44 <./img/diagramaFBG.png>]
<./img/procesoFusion.jpg, id=742, 809.424pt x 136.1085pt>
File: ./img/procesoFusion.jpg Graphic file (type jpg)
<use ./img/procesoFusion.jpg>
Package pdftex.def Info: ./img/procesoFusion.jpg  used on input line 667.
(pdftex.def)             Requested size: 385.02577pt x 64.74358pt.
<./img/union1.png, id=744, 619.56468pt x 71.51718pt>
File: ./img/union1.png Graphic file (type png)
<use ./img/union1.png>
Package pdftex.def Info: ./img/union1.png  used on input line 678.
(pdftex.def)             Requested size: 226.48413pt x 26.14337pt.
<./img/fusionFOpractica.jpg, id=745, 949.74825pt x 365.56575pt>
File: ./img/fusionFOpractica.jpg Graphic file (type jpg)
<use ./img/fusionFOpractica.jpg>
Package pdftex.def Info: ./img/fusionFOpractica.jpg  used on input line 687.
(pdftex.def)             Requested size: 430.31847pt x 165.6354pt.

Underfull \vbox (badness 8170) has occurred while \output is active []

LaTeX Info: Redefining \sptext on input line 691.
LaTeX Info: Redefining \. on input line 691.
LaTeX Info: Redefining \% on input line 691.
 [45 <./img/procesoFusion.jpg> <./img/union1.png>]
<./img/union2.png, id=753, 644.4075pt x 74.52844pt>
File: ./img/union2.png Graphic file (type png)
<use ./img/union2.png>
Package pdftex.def Info: ./img/union2.png  used on input line 700.
(pdftex.def)             Requested size: 226.48413pt x 26.19337pt.
<./img/cajaOrden.jpg, id=754, 2533.465pt x 1237.62375pt>
File: ./img/cajaOrden.jpg Graphic file (type jpg)
<use ./img/cajaOrden.jpg>
Package pdftex.def Info: ./img/cajaOrden.jpg  used on input line 709.
(pdftex.def)             Requested size: 385.02577pt x 188.09055pt.

Underfull \vbox (badness 10000) has occurred while \output is active []

LaTeX Info: Redefining \sptext on input line 713.
LaTeX Info: Redefining \. on input line 713.
LaTeX Info: Redefining \% on input line 713.
 [46 <./img/fusionFOpractica.jpg> <./img/union2.png>]
LaTeX Info: Redefining \sptext on input line 726.
LaTeX Info: Redefining \. on input line 726.
LaTeX Info: Redefining \% on input line 726.
 [47 <./img/cajaOrden.jpg>]

LaTeX Warning: Command \textregistered invalid in math mode on input line 726.


LaTeX Warning: Command \textcircled invalid in math mode on input line 726.


LaTeX Warning: Command \textcircled invalid in math mode on input line 726.


LaTeX Warning: Command \textregistered invalid in math mode on input line 741.


LaTeX Warning: Command \textcircled invalid in math mode on input line 741.


LaTeX Warning: Command \textcircled invalid in math mode on input line 741.

<./img/LabVIEWicon.jpg, id=767, 311.9655pt x 67.452pt>
File: ./img/LabVIEWicon.jpg Graphic file (type jpg)
<use ./img/LabVIEWicon.jpg>
Package pdftex.def Info: ./img/LabVIEWicon.jpg  used on input line 751.
(pdftex.def)             Requested size: 203.83434pt x 44.07382pt.
LaTeX Info: Redefining \sptext on input line 759.
LaTeX Info: Redefining \. on input line 759.
LaTeX Info: Redefining \% on input line 759.
[48 <./img/LabVIEWicon.jpg>]
<./img/LabVIEWej.jpg, id=776, 977.45175pt x 413.74574pt>
File: ./img/LabVIEWej.jpg Graphic file (type jpg)
<use ./img/LabVIEWej.jpg>
Package pdftex.def Info: ./img/LabVIEWej.jpg  used on input line 762.
(pdftex.def)             Requested size: 430.31847pt x 182.1497pt.
LaTeX Info: Redefining \sptext on input line 778.
LaTeX Info: Redefining \. on input line 778.
LaTeX Info: Redefining \% on input line 778.
 [49 <./img/LabVIEWej.jpg>]
<./img/hierarchyLV.jpeg, id=786, 1005.00468pt x 569.12625pt>
File: ./img/hierarchyLV.jpeg Graphic file (type jpg)
<use ./img/hierarchyLV.jpeg>
Package pdftex.def Info: ./img/hierarchyLV.jpeg  used on input line 783.
(pdftex.def)             Requested size: 339.7262pt x 192.38011pt.
<./img/softwareInterrogador2.jpg, id=787, 696.80325pt x 483.0045pt>
File: ./img/softwareInterrogador2.jpg Graphic file (type jpg)
<use ./img/softwareInterrogador2.jpg>
Package pdftex.def Info: ./img/softwareInterrogador2.jpg  used on input line 79
2.
(pdftex.def)             Requested size: 385.02577pt x 266.89145pt.

Underfull \vbox (badness 10000) has occurred while \output is active []

LaTeX Info: Redefining \sptext on input line 796.
LaTeX Info: Redefining \. on input line 796.
LaTeX Info: Redefining \% on input line 796.
 [50 <./img/hierarchyLV.jpeg>]
Underfull \vbox (badness 10000) has occurred while \output is active []

LaTeX Info: Redefining \sptext on input line 819.
LaTeX Info: Redefining \. on input line 819.
LaTeX Info: Redefining \% on input line 819.
 [51 <./img/softwareInterrogador2.jpg>]
LaTeX Info: Redefining \sptext on input line 829.
LaTeX Info: Redefining \. on input line 829.
LaTeX Info: Redefining \% on input line 829.
 [52]
LaTeX Info: Redefining \sptext on input line 854.
LaTeX Info: Redefining \. on input line 854.
LaTeX Info: Redefining \% on input line 854.
 [53]
<./img/interfazSMinicio.jpg, id=818, 1068.99374pt x 514.92375pt>
File: ./img/interfazSMinicio.jpg Graphic file (type jpg)
<use ./img/interfazSMinicio.jpg>
Package pdftex.def Info: ./img/interfazSMinicio.jpg  used on input line 872.
(pdftex.def)             Requested size: 452.96826pt x 218.19148pt.

Underfull \vbox (badness 10000) has occurred while \output is active []

LaTeX Info: Redefining \sptext on input line 876.
LaTeX Info: Redefining \. on input line 876.
LaTeX Info: Redefining \% on input line 876.
 [54]
LaTeX Info: Redefining \sptext on input line 885.
LaTeX Info: Redefining \. on input line 885.
LaTeX Info: Redefining \% on input line 885.

[55 <./img/interfazSMinicio.jpg>]
Overfull \hbox (35.66713pt too wide) in paragraph at lines 902--903
[]\T1/ptm/m/n/12 Despus de la se-sin de reha-bi-li-ta-cin, cuan-do el fi-sio
-te-ra-peu-ta pul-se $[]$
 []

LaTeX Info: Redefining \sptext on input line 903.
LaTeX Info: Redefining \. on input line 903.
LaTeX Info: Redefining \% on input line 903.
[56]
LaTeX Info: Redefining \sptext on input line 1003.
LaTeX Info: Redefining \. on input line 1003.
LaTeX Info: Redefining \% on input line 1003.
 [57]
<./img/interfazSM.jpeg, id=845, 1142.76938pt x 557.08125pt>
File: ./img/interfazSM.jpeg Graphic file (type jpg)
<use ./img/interfazSM.jpeg>
Package pdftex.def Info: ./img/interfazSM.jpeg  used on input line 1016.
(pdftex.def)             Requested size: 452.96826pt x 220.81396pt.

Underfull \vbox (badness 5260) has occurred while \output is active []

LaTeX Info: Redefining \sptext on input line 1020.
LaTeX Info: Redefining \. on input line 1020.
LaTeX Info: Redefining \% on input line 1020.
 [58]
<./img/diagramaFBGfuncionamiento.png, id=851, 787.14075pt x 519.1395pt>
File: ./img/diagramaFBGfuncionamiento.png Graphic file (type png)
<use ./img/diagramaFBGfuncionamiento.png>
Package pdftex.def Info: ./img/diagramaFBGfuncionamiento.png  used on input lin
e 1032.
(pdftex.def)             Requested size: 452.96826pt x 298.74844pt.

Underfull \vbox (badness 10000) has occurred while \output is active []

LaTeX Info: Redefining \sptext on input line 1035.
LaTeX Info: Redefining \. on input line 1035.
LaTeX Info: Redefining \% on input line 1035.
 [59 <./img/interfazSM.jpeg>]
LaTeX Info: Redefining \sptext on input line 1042.
LaTeX Info: Redefining \. on input line 1042.
LaTeX Info: Redefining \% on input line 1042.
 [60 <./img/diagramaFBGfuncionamiento.png>])
LaTeX Info: Redefining \sptext on input line 116.
LaTeX Info: Redefining \. on input line 116.
LaTeX Info: Redefining \% on input line 116.
 [61]
\openout2 = `src/solucionIMU.aux'.


(src/solucionIMU.tex [62



]
Cap\'{\i }tulo 4.

Underfull \vbox (badness 10000) has occurred while \output is active []

 [63]
<./img/movimientoAcelera.jpg, id=874, 862.422pt x 117.43875pt>
File: ./img/movimientoAcelera.jpg Graphic file (type jpg)
<use ./img/movimientoAcelera.jpg>
Package pdftex.def Info: ./img/movimientoAcelera.jpg  used on input line 28.
(pdftex.def)             Requested size: 362.37598pt x 49.34543pt.
<./img/IMUacelerometro.jpg, id=877, 200.54926pt x 196.93575pt>
File: ./img/IMUacelerometro.jpg Graphic file (type jpg)
<use ./img/IMUacelerometro.jpg>
Package pdftex.def Info: ./img/IMUacelerometro.jpg  used on input line 43.
(pdftex.def)             Requested size: 113.24207pt x 111.19977pt.
LaTeX Info: Redefining \sptext on input line 49.
LaTeX Info: Redefining \. on input line 49.
LaTeX Info: Redefining \% on input line 49.

[64 <./img/movimientoAcelera.jpg> <./img/IMUacelerometro.jpg>]
<./img/IMUgiroscopo.jpg, id=883, 260.975pt x 200.75pt>
File: ./img/IMUgiroscopo.jpg Graphic file (type jpg)
<use ./img/IMUgiroscopo.jpg>
Package pdftex.def Info: ./img/IMUgiroscopo.jpg  used on input line 66.
(pdftex.def)             Requested size: 158.54164pt x 121.95494pt.
LaTeX Info: Redefining \sptext on input line 81.
LaTeX Info: Redefining \. on input line 81.
LaTeX Info: Redefining \% on input line 81.
 [65 <./img/IMUgiroscopo.jpg>]
<./img/IMUmagnetometro.jpg, id=891, 638.98724pt x 257.763pt>
File: ./img/IMUmagnetometro.jpg Graphic file (type jpg)
<use ./img/IMUmagnetometro.jpg>
Package pdftex.def Info: ./img/IMUmagnetometro.jpg  used on input line 90.
(pdftex.def)             Requested size: 249.13391pt x 100.4957pt.
<./img/IMUmagneto.png, id=894, 1204.5pt x 1204.5pt>
File: ./img/IMUmagneto.png Graphic file (type png)
<use ./img/IMUmagneto.png>
Package pdftex.def Info: ./img/IMUmagneto.png  used on input line 99.
(pdftex.def)             Requested size: 249.13391pt x 249.1296pt.

Underfull \vbox (badness 10000) has occurred while \output is active []

LaTeX Info: Redefining \sptext on input line 103.
LaTeX Info: Redefining \. on input line 103.
LaTeX Info: Redefining \% on input line 103.
 [66 <./img/IMUmagnetometro.jpg>]
<./img/esp32.jpg, id=902, 581.17125pt x 397.485pt>
File: ./img/esp32.jpg Graphic file (type jpg)
<use ./img/esp32.jpg>
Package pdftex.def Info: ./img/esp32.jpg  used on input line 122.
(pdftex.def)             Requested size: 181.18454pt x 123.91656pt.

Underfull \vbox (badness 10000) has occurred while \output is active []

LaTeX Info: Redefining \sptext on input line 126.
LaTeX Info: Redefining \. on input line 126.
LaTeX Info: Redefining \% on input line 126.
 [67 <./img/IMUmagneto.png>]
<./img/esp32diagrama.png, id=913, 642.4pt x 549.05125pt>
File: ./img/esp32diagrama.png Graphic file (type png)
<use ./img/esp32diagrama.png>
Package pdftex.def Info: ./img/esp32diagrama.png  used on input line 153.
(pdftex.def)             Requested size: 362.37598pt x 309.72862pt.

Underfull \vbox (badness 10000) has occurred while \output is active []

LaTeX Info: Redefining \sptext on input line 157.
LaTeX Info: Redefining \. on input line 157.
LaTeX Info: Redefining \% on input line 157.
 [68 <./img/esp32.jpg>]
<./img/IMU2.jpg, id=919, 595.62524pt x 419.166pt>
File: ./img/IMU2.jpg Graphic file (type jpg)
<use ./img/IMU2.jpg>
Package pdftex.def Info: ./img/IMU2.jpg  used on input line 175.
(pdftex.def)             Requested size: 271.7837pt x 191.27087pt.
LaTeX Info: Redefining \sptext on input line 179.
LaTeX Info: Redefining \. on input line 179.
LaTeX Info: Redefining \% on input line 179.
 [69 <./img/esp32diagrama.png>]
LaTeX Info: Redefining \sptext on input line 187.
LaTeX Info: Redefining \. on input line 187.
LaTeX Info: Redefining \% on input line 187.
 [70 <./img/IMU2.jpg>]
<./img/esquemaimu.jpg, id=929, 870.25125pt x 412.54124pt>
File: ./img/esquemaimu.jpg Graphic file (type jpg)
<use ./img/esquemaimu.jpg>
Package pdftex.def Info: ./img/esquemaimu.jpg  used on input line 192.
(pdftex.def)             Requested size: 430.31847pt x 203.99767pt.

Underfull \vbox (badness 10000) has occurred while \output is active []

LaTeX Info: Redefining \sptext on input line 206.
LaTeX Info: Redefining \. on input line 206.
LaTeX Info: Redefining \% on input line 206.
 [71 <./img/esquemaimu.jpg>]
<./img/softwareIMU1.jpg, id=935, 525.162pt x 330.5148pt>
File: ./img/softwareIMU1.jpg Graphic file (type jpg)
<use ./img/softwareIMU1.jpg>
Package pdftex.def Info: ./img/softwareIMU1.jpg  used on input line 216.
(pdftex.def)             Requested size: 294.4266pt x 185.29883pt.
<./img/softwareIMU2.jpg, id=936, 525.162pt x 330.5148pt>
File: ./img/softwareIMU2.jpg Graphic file (type jpg)
<use ./img/softwareIMU2.jpg>
Package pdftex.def Info: ./img/softwareIMU2.jpg  used on input line 229.
(pdftex.def)             Requested size: 294.4266pt x 185.29883pt.
LaTeX Info: Redefining \sptext on input line 233.
LaTeX Info: Redefining \. on input line 233.
LaTeX Info: Redefining \% on input line 233.
 [72 <./img/softwareIMU1.jpg>]
<./img/softwareIMU3.jpg, id=941, 525.162pt x 330.5148pt>
File: ./img/softwareIMU3.jpg Graphic file (type jpg)
<use ./img/softwareIMU3.jpg>
Package pdftex.def Info: ./img/softwareIMU3.jpg  used on input line 242.
(pdftex.def)             Requested size: 294.4266pt x 185.29883pt.
LaTeX Info: Redefining \sptext on input line 248.
LaTeX Info: Redefining \. on input line 248.
LaTeX Info: Redefining \% on input line 248.
 [73 <./img/softwareIMU2.jpg> <./img/softwareIMU3.jpg>]
<./img/precios2.jpg, id=948, 618.05907pt x 152.82094pt>
File: ./img/precios2.jpg Graphic file (type jpg)
<use ./img/precios2.jpg>
Package pdftex.def Info: ./img/precios2.jpg  used on input line 269.
(pdftex.def)             Requested size: 452.96826pt x 112.00372pt.
)
LaTeX Info: Redefining \sptext on input line 122.
LaTeX Info: Redefining \. on input line 122.
LaTeX Info: Redefining \% on input line 122.
 [74 <./img/precios2.jpg>]
\openout2 = `src/conclusiones.aux'.

 (src/conclusiones.tex
Cap\'{\i }tulo 5.

Underfull \vbox (badness 10000) has occurred while \output is active []

 [75



]
Underfull \hbox (badness 1286) in paragraph at lines 22--23
\T1/ptm/m/n/12 acompaar a los pacientes en el movimiento de las manos durante 
sus ejercicios de
 []

)
LaTeX Info: Redefining \sptext on input line 137.
LaTeX Info: Redefining \. on input line 137.
LaTeX Info: Redefining \% on input line 137.
 [76]
LaTeX Info: Redefining \sptext on input line 137.
LaTeX Info: Redefining \. on input line 137.
LaTeX Info: Redefining \% on input line 137.
 [77]pdfTeX warning (ext4): destination with the same identifier (name{page.77}
) has been already used, duplicate ignored
<to be read again> 
                   \relax 
l.147 \printbibliography[heading=bibintoc]
                                           [77


] [78] [79]
Underfull \hbox (badness 2150) in paragraph at lines 147--147
[]\T1/ptm/m/n/12 Ignacio Mun-ga. \T1/ptm/m/it/12 C-mo se fa-bri-ca la fi-bra
 p-ti-ca? \T1/ptm/m/sc/12 url\T1/ptm/m/n/12 : [][]$\T1/pcr/m/n/12 https : / / 
www .
 []


Package biblatex Warning: No driver for entry type 'standard'.
(biblatex)                Using fallback driver on input line 147.


Underfull \hbox (badness 1275) in paragraph at lines 147--147
[]\T1/ptm/m/it/12 Tipos de conectores y usos\T1/ptm/m/n/12 . \T1/ptm/m/sc/12 ur
l\T1/ptm/m/n/12 : [][]$\T1/pcr/m/n/12 https : / / sites . google . com / site /

 []


Underfull \hbox (badness 1845) in paragraph at lines 147--147
\T1/pcr/m/n/12 stigestionydesarrollo / recuperacion / desarrollo -[] 1 / tema11
 / 8 -[]-[]-[]
 []

LaTeX Info: Redefining \sptext on input line 147.
LaTeX Info: Redefining \. on input line 147.
LaTeX Info: Redefining \% on input line 147.
[80]
LaTeX Info: Redefining \sptext on input line 147.
LaTeX Info: Redefining \. on input line 147.
LaTeX Info: Redefining \% on input line 147.
 [81]
LaTeX Info: Redefining \sptext on input line 159.
LaTeX Info: Redefining \. on input line 159.
LaTeX Info: Redefining \% on input line 159.
 [82]

Package glossaries Warning: No \printglossary or \printglossaries found. 
(Remove \makeglossaries if you don't want any glossaries.) 
This document will not have a glossary.

Package atveryend Info: Empty hook `BeforeClearDocument' on input line 166.
[83]
Package atveryend Info: Empty hook `AfterLastShipout' on input line 166.
 (main.aux (portada.aux)
LaTeX Info: Redefining \sptext on input line 36.
LaTeX Info: Redefining \. on input line 36.
LaTeX Info: Redefining \% on input line 36.
LaTeX Info: Redefining \sptext on input line 37.
LaTeX Info: Redefining \. on input line 37.
LaTeX Info: Redefining \% on input line 37.
 (src/agradecimientos.aux) (src/resumen.aux)
(src/introduccion.aux) (src/estadoDelArte.aux) (src/solucionFBG.aux)
(src/solucionIMU.aux) (src/conclusiones.aux))
Package atveryend Info: Executing hook `AtVeryEndDocument' on input line 166.
Package atveryend Info: Empty hook `AtEndAfterFileList' on input line 166.
Package logreq Info: Writing requests to 'main.run.xml'.
\openout1 = `main.run.xml'.

Package atveryend Info: Empty hook `AtVeryVeryEnd' on input line 166.
 )
(\end occurred inside a group at level 2)

### semi simple group (level 2) entered at line 90 (\begingroup)
### semi simple group (level 1) entered at line 52 (\begingroup)
### bottom level 
Here is how much of TeX's memory you used:
 26654 strings out of 492946
 454677 string characters out of 3125822
 963664 words of memory out of 3000000
 29657 multiletter control sequences out of 15000+200000
 65482 words of font info for 87 fonts, out of 3000000 for 9000
 1141 hyphenation exceptions out of 8191
 49i,18n,69p,2019b,3879s stack positions out of 5000i,500n,10000p,200000b,50000s
{C:/Users/Miriam/AppData/Local/Programs/MiKTeX 2.9/fonts/enc/dv
ips/base/8r.enc}<C:/Users/Miriam/AppData/Local/Programs/MiKTeX 2.9/fonts/type1/
public/amsfonts/cm/cmex10.pfb><C:/Users/Miriam/AppData/Local/Programs/MiKTeX 2.
9/fonts/type1/public/amsfonts/cm/cmmi10.pfb><C:/Users/Miriam/AppData/Local/Prog
rams/MiKTeX 2.9/fonts/type1/public/amsfonts/cm/cmr10.pfb><C:/Users/Miriam/AppDa
ta/Local/Programs/MiKTeX 2.9/fonts/type1/public/amsfonts/cm/cmsy10.pfb><C:/User
s/Miriam/AppData/Local/Programs/MiKTeX 2.9/fonts/type1/public/amsfonts/symbols/
msam10.pfb><C:/Users/Miriam/AppData/Local/Programs/MiKTeX 2.9/fonts/type1/publi
c/amsfonts/symbols/msbm10.pfb><C:/Users/Miriam/AppData/Local/Programs/MiKTeX 2.
9/fonts/type1/urw/bookman/ubkd8a.pfb><C:/Users/Miriam/AppData/Local/Programs/Mi
KTeX 2.9/fonts/type1/urw/courier/ucrr8a.pfb><C:/Users/Miriam/AppData/Local/Prog
rams/MiKTeX 2.9/fonts/type1/urw/symbol/usyr.pfb><C:/Users/Miriam/AppData/Local/
Programs/MiKTeX 2.9/fonts/type1/urw/times/utmb8a.pfb><C:/Users/Miriam/AppData/L
ocal/Programs/MiKTeX 2.9/fonts/type1/urw/times/utmbi8a.pfb><C:/Users/Miriam/App
Data/Local/Programs/MiKTeX 2.9/fonts/type1/urw/times/utmr8a.pfb><C:/Users/Miria
m/AppData/Local/Programs/MiKTeX 2.9/fonts/type1/urw/times/utmri8a.pfb>
Output written on main.pdf (102 pages, 13447820 bytes).
PDF statistics:
 1254 PDF objects out of 1440 (max. 8388607)
 285 named destinations out of 1000 (max. 500000)
 635 words of extra memory for PDF output out of 10000 (max. 10000000)

